[?1049h[?1h=[1;72r[?12;25h[?12l[?25h[27m[m[H[2J[?25l[72;1H"test_output_files/mult.program.out" 110L, 4408C"correct_outputs/mult.program.out" [72;36H[K[72;36H122L, 5034C[1;1H[93m  1 [mChronologic VCS simulator copyright 1991-2017[92C[7m|[m
[93m  2 [mContains Synopsys proprietary information.[95C[7m|[m
[93m  3 [mCompiler version N-2017.12-SP2-1_Full64; Runtime version N-2017.12-SP2-1_Full64;  Apr 25 17:41 2019[38C[7m|[m
[93m  4 [m@@[135C[7m|[m
[93m  5 [m@@[135C[7m|[m
[93m  6 [m@@[21C0  Asserting System reset......[83C[7m|[m
[93m  7 [m@@[135C[7m|[m
[93m  8 [m@@[19C100 : System STILL at reset, can't show anything[68C[7m|[m
[93m  9 [m@@[135C[7m|[m
[93m 10 [m@@[135C[7m|[m
[93m 11 [m@@[19C200 : System STILL at reset, can't show anything[68C[7m|[m
[93m 12 [m@@[135C[7m|[m
[93m 13 [m@@[135C[7m|[m
[93m 14 [m@@[19C300 : System STILL at reset, can't show anything[68C[7m|[m
[93m 15 [m@@[135C[7m|[m
[93m 16 [m@@[135C[7m|[m
[93m 17 [m@@[19C400 : System STILL at reset, can't show anything[68C[7m|[m
[93m 18 [m@@[135C[7m|[m
[93m 19 [m@@[19C460  Deasserting System reset......[81C[7m|[m
[93m 20 [m@@[135C[7m|[m
[93m 21 [m@@[135C[7m|[m
[93m 22 [m@@@ Unified Memory contents hex on left, decimal on right:[79C[7m|[m
[93m 23 [m@@@[134C[7m|[m
[93m 24 [m@@@ mem[    0] = c0200004201f1000 : 13844065272255680512[81C[7m|[m
[93m 25 [m@@@ mem[    8] = 27bb2ee687b0b0fd : 2862933555777941757[82C[7m|[m
[93m 26 [m@@@ mem[   16] = 00000000b504f32d : 3037000493[91C[7m|[m
[93m 27 [m@@@ mem[   24] = a4610008a4410000 : 11844748532076576768[81C[7m|[m
[93m 28 [m@@@ mem[   32] = 40803404209f0000 : 4647772007778156544[82C[7m|[m
[93m 29 [m@@@ mem[   40] = 4c22040a4081fda5 : 5485951738169130405[82C[7m|[m
[93m 30 [m@@@ mem[   48] = 4d42040b4143040a : 5567016535769416714[82C[7m|[m
[93m 31 [m@@@ mem[   56] = 4d62040c4163040b : 5576023739321222155[82C[7m|[m
[93m 32 [m@@@ mem[   64] = 4d8204014183040c : 5585030891333420044[82C[7m|[m
[93m 33 [m@@@ mem[   72] = 4944168a40230401 : 5279369446222398465[82C[7m|[m
[93m 34 [m@@@ mem[   80] = 4964168bb5400000 : 5288376651736940544[82C[7m|[m
[93m 35 [m@@@ mem[   88] = 4984168cb5600008 : 5297383855288745992[82C[7m|[m
[93m 36 [m@@@ mem[   96] = 4824168db5800010 : 5198304667783659536[82C[7m|[m
[93m 37 [m@@@ mem[  104] = 40041400b5a00018 : 4612833911613947928[82C[7m|[m
[93m 38 [m@@@ mem[  112] = 00000555f4bfffec : 5866736582636[88C[7m|[m
[93m 39 [m@@@[134C[7m|[m
[93m 40 [m@@@ mem[ 4096] = 000000003dd97734 : 1037662004[91C[7m|[m
[93m 41 [m@@@ mem[ 4104] = 00000000680c570e : 1745639182[91C[7m|[m
[93m 42 [m@@@ mem[ 4112] = 00000000fed37d88 : 4275273096[91C[7m|[m
[93m 43 [m@@@ mem[ 4120] = 00000000ea64cbb0 : 3932474288[91C[7m|[m
[93m 44 [m@@@ mem[ 4128] = 000000003bd01968 : 1003493736[91C[7m|[m
[93m 45 [m@@@ mem[ 4136] = 000000001b77efa1 : 460844961[92C[7m|[m
[93m 46 [m@@@ mem[ 4144] = 00000000160e0fcd : 370020301[92C[7m|[m
[93m 47 [m@@@ mem[ 4152] = 00000000a5e45edb : 2783207131[91C[7m|[m
[93m 48 [m@@@ mem[ 4160] = 00000000fdc36a96 : 4257442454[91C[7m|[m
[93m 49 [m@@@ mem[ 4168] = 0000000081ac20a6 : 2175541414[91C[7m|[m
[93m 50 [m@@@ mem[ 4176] = 000000008f69505d : 2406043741[91C[7m|[m
[93m 51 [m@@@ mem[ 4184] = 000000008f9abd9e : 2409282974[91C[7m|[m
[93m 52 [m@@@ mem[ 4192] = 00000000607952ea : 1618563818[91C[7m|[m
[93m 53 [m@@@ mem[ 4200] = 0000000024b28a87 : 615680647[92C[7m|[m
[93m 54 [m@@@ mem[ 4208] = 00000000ed6bac2e : 3983256622[91C[7m|[m
[93m 55 [m@@@ mem[ 4216] = 00000000339352a1 : 865292961[92C[7m|[m
[93m 56 [m@@@ mem[ 4224] = 000000000608e0cf : 101245135[92C[7m|[m
[93m 57 [m@@@ mem[ 4232] = 00000000e5bcc464 : 3854353508[91C[7m|[m
[93m 58 [m@@@[134C[7m|[m
[93m 59 [m@@@ mem[ 4352] = 00000000df040d45 : 3741584709[91C[7m|[m
[93m 60 [m@@@ mem[ 4360] = 0000000024bcf88e : 616364174[92C[7m|[m
[93m 61 [m@@@ mem[ 4368] = 00000000a9cc35e1 : 2848732641[91C[7m|[m
[93m 62 [m@@@ mem[ 4376] = 000000006fcfbb99 : 1875884953[91C[7m|[m
[93m 63 [m@@@ mem[ 4384] = 000000002f52b3e9 : 793949161[92C[7m|[m
[93m 64 [m@@@ mem[ 4392] = 0000000047d58b65 : 1205177189[91C[7m|[m
[93m 65 [m@@@ mem[ 4400] = 00000000b2b78549 : 2998371657[91C[7m|[m
[93m 66 [m@@@ mem[ 4408] = 00000000d6f09d3e : 3606093118[91C[7m|[m
[93m 67 [m@@@ mem[ 4416] = 000000002e4ae36d : 776659821[92C[7m|[m
[93m 68 [m@@@ mem[ 4424] = 00000000f07d7e0e : 4034756110[91C[7m|[m
[93m 69 [m@@@ mem[ 4432] = 000000005e7cb677 : 1585231479[91C[7m|[m
[93m 70 [m@@@ mem[ 4440] = 000000005326a154 : 1395040596[91C[7m|[m
[1m[7mtest_output_files/mult.program.out                                                                                         1,1            Top [m[1;143H[93m  1 [mChronologic VCS simulator copyright 1991-2017[2;143H[93m  2 [mContains Synopsys proprietary information.[3;143H[93m  3 [mCompiler version N-2017.12-SP2-1_Full64; Runtime version N-2017.12-SP2-1_Full64;  Apr 20 19:21 2019[4;143H[93m  4 [mVCD+ Writer N-2017.12-SP2-1_Full64 Copyright (c) 1991-2017 by Synopsys Inc.[5;143H[93m  5 [m@@[6;143H[93m  6 [m@@[7;143H[93m  7 [m@@[21C0  Asserting System reset......[8;143H[93m  8 [m@@[9;143H[93m  9 [m@@[21C0 : System STILL at reset, can't show anything[10;143H[93m 10 [m@@[11;143H[93m 11 [m@@[12;143H[93m 12 [m@@[19C100 : System STILL at reset, can't show anything[13;143H[93m 13 [m@@[14;143H[93m 14 [m@@[15;143H[93m 15 [m@@[19C200 : System STILL at reset, can't show anything[16;143H[93m 16 [m@@[17;143H[93m 17 [m@@[18;143H[93m 18 [m@@[19C300 : System STILL at reset, can't show anything[19;143H[93m 19 [m@@[20;143H[93m 20 [m@@[19C360  Deasserting System reset......[21;143H[93m 21 [m@@[22;143H[93m 22 [m@@[23;143H[93m 23 [m@@@ Unified Memory contents hex on left, decimal on right:[24;143H[93m 24 [m@@@[25;143H[93m 25 [m@@@ mem[    0] = c0200004201f1000 : 13844065272255680512[26;143H[93m 26 [m@@@ mem[    8] = 27bb2ee687b0b0fd : 2862933555777941757[27;143H[93m 27 [m@@@ mem[   16] = 00000000b504f32d : 3037000493[28;143H[93m 28 [m@@@ mem[   24] = a4610008a4410000 : 11844748532076576768[29;143H[93m 29 [m@@@ mem[   32] = 40803404209f0000 : 4647772007778156544[30;143H[93m 30 [m@@@ mem[   40] = 4c22040a4081fda5 : 5485951738169130405[31;143H[93m 31 [m@@@ mem[   48] = 4d42040b4143040a : 5567016535769416714[32;143H[93m 32 [m@@@ mem[   56] = 4d62040c4163040b : 5576023739321222155[33;143H[93m 33 [m@@@ mem[   64] = 4d8204014183040c : 5585030891333420044[34;143H[93m 34 [m@@@ mem[   72] = 4944168a40230401 : 5279369446222398465[35;143H[93m 35 [m@@@ mem[   80] = 4964168bb5400000 : 5288376651736940544[36;143H[93m 36 [m@@@ mem[   88] = 4984168cb5600008 : 5297383855288745992[37;143H[93m 37 [m@@@ mem[   96] = 4824168db5800010 : 5198304667783659536[38;143H[93m 38 [m@@@ mem[  104] = 40041400b5a00018 : 4612833911613947928[39;143H[93m 39 [m@@@ mem[  112] = 00000555f4bfffec : 5866736582636[40;143H[93m 40 [m@@@[41;143H[93m 41 [m@@@ mem[ 4096] = 000000003dd97734 : 1037662004[42;143H[93m 42 [m@@@ mem[ 4104] = 00000000680c570e : 1745639182[43;143H[93m 43 [m@@@ mem[ 4112] = 00000000fed37d88 : 4275273096[44;143H[93m 44 [m@@@ mem[ 4120] = 00000000ea64cbb0 : 3932474288[45;143H[93m 45 [m@@@ mem[ 4128] = 000000003bd01968 : 1003493736[46;143H[93m 46 [m@@@ mem[ 4136] = 000000001b77efa1 : 460844961[47;143H[93m 47 [m@@@ mem[ 4144] = 00000000160e0fcd : 370020301[48;143H[93m 48 [m@@@ mem[ 4152] = 00000000a5e45edb : 2783207131[49;143H[93m 49 [m@@@ mem[ 4160] = 00000000fdc36a96 : 4257442454[50;143H[93m 50 [m@@@ mem[ 4168] = 0000000081ac20a6 : 2175541414[51;143H[93m 51 [m@@@ mem[ 4176] = 000000008f69505d : 2406043741[52;143H[93m 52 [m@@@ mem[ 4184] = 000000008f9abd9e : 2409282974[53;143H[93m 53 [m@@@ mem[ 4192] = 00000000607952ea : 1618563818[54;143H[93m 54 [m@@@ mem[ 4200] = 0000000024b28a87 : 615680647[55;143H[93m 55 [m@@@ mem[ 4208] = 00000000ed6bac2e : 3983256622[56;143H[93m 56 [m@@@ mem[ 4216] = 00000000339352a1 : 865292961[57;143H[93m 57 [m@@@ mem[ 4224] = 000000000608e0cf : 101245135[58;143H[93m 58 [m@@@ mem[ 4232] = 00000000e5bcc464 : 3854353508[59;143H[93m 59 [m@@@ mem[ 4240] = 00000000cdf61755 : 3455457109[60;143H[93m 60 [m@@@ mem[ 4248] = 00000000a9025422 : 2835502114[61;143H[93m 61 [m@@@ mem[ 4256] = 000000007d4ba740 : 2102110016[62;143H[93m 62 [m@@@ mem[ 4264] = 000000009443ea62 : 2487478882[63;143H[93m 63 [m@@@ mem[ 4272] = 0000000050e86d18 : 1357409560[64;143H[93m 64 [m@@@ mem[ 4280] = 0000000020277a8b : 539458187[65;143H[93m 65 [m@@@ mem[ 4288] = 0000000003ae0b29 : 61737769[66;143H[93m 66 [m@@@ mem[ 4296] = 000000007639eedf : 1983508191[67;143H[93m 67 [m@@@ mem[ 4304] = 00000000dbe5e718 : 3689277208[68;143H[93m 68 [m@@@ mem[ 4312] = 000000002510e2e4 : 621863652[69;143H[93m 69 [m@@@ mem[ 4320] = 0000000013f0c6c3 : 334546627[70;143H[93m 70 [m@@@ mem[ 4328] = 00000000d63ab32c : 3594171180[71;143H[7mcorrect_outputs/mult.program.out                                                                                          1,1            Top[1;5H[?12l[?25h[?25l[m[72;1H[1m-- VISUAL --[m[72;13H[K[1;5H[?12l[?25h[?25l[?12l[?25h[?25l[?12l[?25h[?25l[48;5;242mChronologic VCS simulator copyright 1991-2017 [m[71;124H[1m[7m2,[2;5H[?12l[?25h[?25l[m[1;5HChronologic VCS simulator copyright 1991-2017 [72;1H[K[2;5H[?12l[?25h[?25l[72;1H[1m-- VISUAL BLOCK --[2;5H[?12l[?25h[?25l[m[72;1H[K[2;5H[?12l[?25h[?25l[72;1HType  :quit<Enter>  to exit Vim[2;5H[?12l[?25h[72;1H
[?1l>[?1049l