Chronologic VCS simulator copyright 1991-2017
Contains Synopsys proprietary information.
Compiler version N-2017.12-SP2-1_Full64; Runtime version N-2017.12-SP2-1_Full64;  Apr 25 21:35 2019
@@
@@
@@                     0  Asserting System reset......
@@
@@                    98 : System STILL at reset, can't show anything
@@
@@
@@                   196 : System STILL at reset, can't show anything
@@
@@
@@                   294 : System STILL at reset, can't show anything
@@
@@
@@                   392 : System STILL at reset, can't show anything
@@
@@                   451  Deasserting System reset......
@@
@@
@@@
@@@ mem[    0] = 47e00414d340005c : 5179144058966114396
@@@ mem[    8] = b4400008b4200000 : 12988381362718244864
@@@ mem[   16] = b4800018b4600010 : 13006395829951397904
@@@ mem[   24] = d340004fb4a00020 : 15222167082845077536
@@@ mem[   32] = b420000047e00415 : 12979374127287632917
@@@ mem[   40] = 22df0800b4200008 : 2512735916211044360
@@@ mem[   48] = 47e0040ed340002c : 5179144033196310572
@@@ mem[   56] = a44f000021ff0400 : 11839681945950684160
@@@ mem[   64] = 41e1140fe840001a : 4747097540778786842
@@@ mem[   72] = a4a60000a4ce0000 : 11864170271119114240
@@@ mem[   80] = 6b45400047ee0401 : 7729654705402283009
@@@ mem[   88] = d3400025f4000005 : 15222166903519707141
@@@ mem[   96] = a44f000047e0040e : 11839681946586186766
@@@ mem[  104] = c3e0000ff85ffff6 : 14114281300770684918
@@@ mem[  112] = a4a6001047e10410 : 11864170338279556112
@@@ mem[  120] = a4c100006b454000 : 11871770094525038592
@@@ mem[  128] = 6b454000a4a60000 : 7729654706957844480
@@@ mem[  136] = d3400019f41ffff9 : 15222166851982196729
@@@ mem[  144] = 47f0040147e00402 : 5183647574650782722
@@@ mem[  152] = a4a60020a4c10000 : 11864170408557215744
@@@ mem[  160] = a44f00006b454000 : 11839681947180023808
@@@ mem[  168] = 47ee0401f85fffe6 : 5183084627658538982
@@@ mem[  176] = a4c1000021ff1000 : 11871770093295702016
@@@ mem[  184] = 6b454000a4a60008 : 7729654706957844488
@@@ mem[  192] = a4a60018e4000007 : 11864170375258570759
@@@ mem[  200] = b40f00006b454000 : 12974589053277388800
@@@ mem[  208] = 6b454000a4a60010 : 7729654706957844496
@@@ mem[  216] = c3fffff541e1140f : 14123288385294504975
@@@ mem[  224] = 47f6040000000555 : 5185336419010217301
@@@ mem[  232] = 42c11416b6b60000 : 4810147964795617280
@@@ mem[  240] = 47f604006bfa8001 : 5185336420821794817
@@@ mem[  248] = b4360010b6960000 : 12985566647352164352
@@@ mem[  256] = 42c31416b4560008 : 4810710914709192712
@@@ mem[  264] = 683a80016bfa8001 : 7510456072188624897
@@@ mem[  272] = 6bfa8001201f0000 : 7780672048558178304
@@@ mem[  280] = 43e03400c0400005 : 4890966373154422789
@@@ mem[  288] = c08000056bfa8001 : 13871086875587543041
@@@ mem[  296] = 6bfa8001a4010008 : 7780672050770804744
@@@ mem[  304] = a4210010c07ffffc : 11826734168400723964
@@@ mem[  312] = c0a000026bfa8001 : 13880094061957382145
@@@ mem[  320] = 6bfa8001b4410010 : 7780672051043434512
@@@ mem[  328] = a4610008683a8001 : 11844748531069517825
@@@ mem[  336] = 6bfa8001406209a0 : 7780672049099442592
@@@ mem[  344] = c01fffeb201f0000 : 13844065164881494016
@@@
@@@ mem[  368] = c01fffe8201f0000 : 13844065151996592128
@@@
@@@ mem[  400] = 2ffe000047ff041f : 3458201565075014687
@@@ mem[  408] = 2ffe000047ff041f : 3458201565075014687
@@@ mem[  416] = 2ffe000047ff041f : 3458201565075014687
@@@ mem[  424] = 2ffe000047ff041f : 3458201565075014687
@@@ mem[  432] = 2ffe000047ff041f : 3458201565075014687
@@@ mem[  440] = 2ffe000047ff041f : 3458201565075014687
@@@ mem[  448] = 2ffe000047ff041f : 3458201565075014687
@@@ mem[  456] = 2ffe000047ff041f : 3458201565075014687
@@@ mem[  464] = 2ffe000047ff041f : 3458201565075014687
@@@ mem[  472] = 2ffe000047ff041f : 3458201565075014687
@@@ mem[  480] = 2ffe000047ff041f : 3458201565075014687
@@@ mem[  488] = 2ffe000047ff041f : 3458201565075014687
@@@ mem[  496] = 2ffe000047ff041f : 3458201565075014687
@@@ mem[  504] = 2ffe000047ff041f : 3458201565075014687
@@@ mem[  512] = 2ffe000047ff041f : 3458201565075014687
@@@ mem[  520] = 2ffe000047ff041f : 3458201565075014687
@@@ mem[  528] = 2ffe000047ff041f : 3458201565075014687
@@@ mem[  536] = 2ffe000047ff041f : 3458201565075014687
@@@ mem[  544] = 2ffe000047ff041f : 3458201565075014687
@@@ mem[  552] = 2ffe000047ff041f : 3458201565075014687
@@@ mem[  560] = 2ffe000047ff041f : 3458201565075014687
@@@ mem[  568] = 2ffe000047ff041f : 3458201565075014687
@@@ mem[  576] = 2ffe000047ff041f : 3458201565075014687
@@@ mem[  584] = 2ffe000047ff041f : 3458201565075014687
@@@ mem[  592] = 2ffe000047ff041f : 3458201565075014687
@@@ mem[  600] = 2ffe000047ff041f : 3458201565075014687
@@@ mem[  608] = 2ffe000047ff041f : 3458201565075014687
@@@ mem[  616] = 2ffe000047ff041f : 3458201565075014687
@@@ mem[  624] = 2ffe000047ff041f : 3458201565075014687
@@@ mem[  632] = 2ffe000047ff041f : 3458201565075014687
@@@ mem[  640] = 2ffe000047ff041f : 3458201565075014687
@@@ mem[  648] = 2ffe000047ff041f : 3458201565075014687
@@@ mem[  656] = 2ffe000047ff041f : 3458201565075014687
@@@ mem[  664] = 2ffe000047ff041f : 3458201565075014687
@@@ mem[  672] = 2ffe000047ff041f : 3458201565075014687
@@@ mem[  680] = 2ffe000047ff041f : 3458201565075014687
@@@ mem[  688] = 2ffe000047ff041f : 3458201565075014687
@@@ mem[  696] = 2ffe000047ff041f : 3458201565075014687
@@@ mem[  704] = 2ffe000047ff041f : 3458201565075014687
@@@ mem[  712] = 2ffe000047ff041f : 3458201565075014687
@@@ mem[  720] = 2ffe000047ff041f : 3458201565075014687
@@@ mem[  728] = 2ffe000047ff041f : 3458201565075014687
@@@ mem[  736] = 2ffe000047ff041f : 3458201565075014687
@@@ mem[  744] = 2ffe000047ff041f : 3458201565075014687
@@@ mem[  752] = 2ffe000047ff041f : 3458201565075014687
@@@ mem[  760] = 2ffe000047ff041f : 3458201565075014687
@@@ mem[  768] = 2ffe000047ff041f : 3458201565075014687
@@@ mem[  776] = 2ffe000047ff041f : 3458201565075014687
@@@ mem[  784] = 2ffe000047ff041f : 3458201565075014687
@@@ mem[  792] = 2ffe000047ff041f : 3458201565075014687
@@@ mem[  800] = 2ffe000047ff041f : 3458201565075014687
@@@ mem[  808] = 2ffe000047ff041f : 3458201565075014687
@@@ mem[  816] = 2ffe000047ff041f : 3458201565075014687
@@@ mem[  824] = 2ffe000047ff041f : 3458201565075014687
@@@ mem[  832] = 2ffe000047ff041f : 3458201565075014687
@@@ mem[  840] = 2ffe000047ff041f : 3458201565075014687
@@@ mem[  848] = 2ffe000047ff041f : 3458201565075014687
@@@ mem[  856] = 2ffe000047ff041f : 3458201565075014687
@@@ mem[  864] = 2ffe000047ff041f : 3458201565075014687
@@@ mem[  872] = 2ffe000047ff041f : 3458201565075014687
@@@ mem[  880] = 2ffe000047ff041f : 3458201565075014687
@@@ mem[  888] = 2ffe000047ff041f : 3458201565075014687
@@@ mem[  896] = 2ffe000047ff041f : 3458201565075014687
@@@ mem[  904] = 2ffe000047ff041f : 3458201565075014687
@@@ mem[  912] = 2ffe000047ff041f : 3458201565075014687
@@@ mem[  920] = 2ffe000047ff041f : 3458201565075014687
@@@ mem[  928] = 2ffe000047ff041f : 3458201565075014687
@@@ mem[  936] = 2ffe000047ff041f : 3458201565075014687
@@@ mem[  944] = 2ffe000047ff041f : 3458201565075014687
@@@ mem[  952] = 2ffe000047ff041f : 3458201565075014687
@@@ mem[  960] = 2ffe000047ff041f : 3458201565075014687
@@@ mem[  968] = 2ffe000047ff041f : 3458201565075014687
@@@ mem[  976] = 2ffe000047ff041f : 3458201565075014687
@@@ mem[  984] = 2ffe000047ff041f : 3458201565075014687
@@@ mem[  992] = 2ffe000047ff041f : 3458201565075014687
@@@ mem[ 1000] = 2ffe000047ff041f : 3458201565075014687
@@@ mem[ 1008] = 2ffe000047ff041f : 3458201565075014687
@@@ mem[ 1016] = 2ffe000047ff041f : 3458201565075014687
@@@ mem[ 1024] = 0000000000000002 : 2
@@@ mem[ 1032] = 0000000000000008 : 8
@@@ mem[ 1040] = 0000000000000017 : 23
@@@ mem[ 1048] = 0000000000000001 : 1
@@@ mem[ 1056] = 0000000000000011 : 17
@@@ mem[ 1064] = 0000000000000006 : 6
@@@ mem[ 1072] = 0000000000000007 : 7
@@@ mem[ 1080] = 0000000000000019 : 25
@@@ mem[ 1088] = 000000000000001a : 26
@@@ mem[ 1096] = 000000000000001d : 29
@@@ mem[ 1104] = 0000000000000006 : 6
@@@ mem[ 1112] = 000000000000001e : 30
@@@ mem[ 1120] = 0000000000000017 : 23
@@@ mem[ 1128] = 0000000000000027 : 39
@@@ mem[ 1136] = 0000000000000003 : 3
@@@ mem[ 1144] = 0000000000000003 : 3
@@@ mem[ 1152] = 000000000000000a : 10
@@@ mem[ 1160] = 000000000000000b : 11
@@@ mem[ 1168] = 0000000000000024 : 36
@@@ mem[ 1176] = 0000000000000028 : 40
@@@ mem[ 1184] = 000000000000003f : 63
@@@ mem[ 1192] = 0000000000000022 : 34
@@@ mem[ 1200] = 0000000000000024 : 36
@@@ mem[ 1208] = 00000000000000bb : 187
@@@ mem[ 1216] = 0000000000000005 : 5
@@@ mem[ 1224] = 0000000000000060 : 96
@@@
@@@ mem[ 1240] = 0000000000000022 : 34
@@@ mem[ 1248] = 000000000000003a : 58
@@@ mem[ 1256] = 0000000000000056 : 86
@@@ mem[ 1264] = 0000000000000063 : 99
@@@ mem[ 1272] = 0000000000000041 : 65
@@@ mem[ 1280] = 0000000000000024 : 36
@@@ mem[ 1288] = 000000000000004a : 74
@@@ mem[ 1296] = 0000000000000022 : 34
@@@ mem[ 1304] = 0000000000000058 : 88
@@@ mem[ 1312] = 000000000000003f : 63
@@@ mem[ 1320] = 0000000000000030 : 48
@@@ mem[ 1328] = 000000000000003b : 59
@@@ mem[ 1336] = 0000000000000005 : 5
@@@ mem[ 1344] = 0000000000000053 : 83
@@@ mem[ 1352] = 000000000000005b : 91
@@@ mem[ 1360] = 00000000000000ca : 202
@@@ mem[ 1368] = 000000000000008f : 143
@@@ mem[ 1376] = 000000000000007e : 126
@@@ mem[ 1384] = 00000000000000af : 175
@@@ mem[ 1392] = 0000000000000099 : 153
@@@
@@@ mem[ 1408] = 0000000000000089 : 137
@@@ mem[ 1416] = 000000000000009f : 159
@@@ mem[ 1424] = 0000000000000089 : 137
@@@ mem[ 1432] = 0000000000000009 : 9
@@@ mem[ 1440] = 0000000000000011 : 17
@@@ mem[ 1448] = 000000000000001e : 30
@@@ mem[ 1456] = 0000000000000014 : 20
@@@ mem[ 1464] = 0000000000000013 : 19
@@@ mem[ 1472] = 000000000000002c : 44
@@@ mem[ 1480] = 000000000000000c : 12
@@@ mem[ 1488] = 000000000000004e : 78
@@@ mem[ 1496] = 0000000000000094 : 148
@@@ mem[ 1504] = 000000000000011c : 284
@@@ mem[ 1512] = 00000000000000a3 : 163
@@@ mem[ 1520] = 0000000000000095 : 149
@@@ mem[ 1528] = 0000000000000091 : 145
@@@ mem[ 1536] = ffffffffffffffff : 18446744073709551615
@@@ mem[ 1544] = 2ffe000047ff041f : 3458201565075014687
@@@ mem[ 1552] = 2ffe000047ff041f : 3458201565075014687
@@@ mem[ 1560] = 2ffe000047ff041f : 3458201565075014687
@@@ mem[ 1568] = 2ffe000047ff041f : 3458201565075014687
@@@ mem[ 1576] = 2ffe000047ff041f : 3458201565075014687
@@@ mem[ 1584] = 2ffe000047ff041f : 3458201565075014687
@@@ mem[ 1592] = 2ffe000047ff041f : 3458201565075014687
@@@ mem[ 1600] = 2ffe000047ff041f : 3458201565075014687
@@@ mem[ 1608] = 2ffe000047ff041f : 3458201565075014687
@@@ mem[ 1616] = 2ffe000047ff041f : 3458201565075014687
@@@ mem[ 1624] = 2ffe000047ff041f : 3458201565075014687
@@@ mem[ 1632] = 2ffe000047ff041f : 3458201565075014687
@@@ mem[ 1640] = 2ffe000047ff041f : 3458201565075014687
@@@ mem[ 1648] = 2ffe000047ff041f : 3458201565075014687
@@@ mem[ 1656] = 2ffe000047ff041f : 3458201565075014687
@@@ mem[ 1664] = 2ffe000047ff041f : 3458201565075014687
@@@ mem[ 1672] = 2ffe000047ff041f : 3458201565075014687
@@@ mem[ 1680] = 2ffe000047ff041f : 3458201565075014687
@@@ mem[ 1688] = 2ffe000047ff041f : 3458201565075014687
@@@ mem[ 1696] = 2ffe000047ff041f : 3458201565075014687
@@@ mem[ 1704] = 2ffe000047ff041f : 3458201565075014687
@@@ mem[ 1712] = 2ffe000047ff041f : 3458201565075014687
@@@ mem[ 1720] = 2ffe000047ff041f : 3458201565075014687
@@@ mem[ 1728] = 2ffe000047ff041f : 3458201565075014687
@@@ mem[ 1736] = 2ffe000047ff041f : 3458201565075014687
@@@ mem[ 1744] = 2ffe000047ff041f : 3458201565075014687
@@@ mem[ 1752] = 2ffe000047ff041f : 3458201565075014687
@@@ mem[ 1760] = 2ffe000047ff041f : 3458201565075014687
@@@ mem[ 1768] = 2ffe000047ff041f : 3458201565075014687
@@@ mem[ 1776] = 2ffe000047ff041f : 3458201565075014687
@@@ mem[ 1784] = 2ffe000047ff041f : 3458201565075014687
@@@ mem[ 1792] = 2ffe000047ff041f : 3458201565075014687
@@@ mem[ 1800] = 2ffe000047ff041f : 3458201565075014687
@@@ mem[ 1808] = 2ffe000047ff041f : 3458201565075014687
@@@ mem[ 1816] = 2ffe000047ff041f : 3458201565075014687
@@@ mem[ 1824] = 2ffe000047ff041f : 3458201565075014687
@@@ mem[ 1832] = 2ffe000047ff041f : 3458201565075014687
@@@ mem[ 1840] = 2ffe000047ff041f : 3458201565075014687
@@@ mem[ 1848] = 2ffe000047ff041f : 3458201565075014687
@@@ mem[ 1856] = 2ffe000047ff041f : 3458201565075014687
@@@ mem[ 1864] = 2ffe000047ff041f : 3458201565075014687
@@@ mem[ 1872] = 2ffe000047ff041f : 3458201565075014687
@@@ mem[ 1880] = 2ffe000047ff041f : 3458201565075014687
@@@ mem[ 1888] = 2ffe000047ff041f : 3458201565075014687
@@@ mem[ 1896] = 2ffe000047ff041f : 3458201565075014687
@@@ mem[ 1904] = 2ffe000047ff041f : 3458201565075014687
@@@ mem[ 1912] = 2ffe000047ff041f : 3458201565075014687
@@@ mem[ 1920] = 2ffe000047ff041f : 3458201565075014687
@@@ mem[ 1928] = 2ffe000047ff041f : 3458201565075014687
@@@ mem[ 1936] = 2ffe000047ff041f : 3458201565075014687
@@@ mem[ 1944] = 2ffe000047ff041f : 3458201565075014687
@@@ mem[ 1952] = 2ffe000047ff041f : 3458201565075014687
@@@ mem[ 1960] = 2ffe000047ff041f : 3458201565075014687
@@@ mem[ 1968] = 2ffe000047ff041f : 3458201565075014687
@@@ mem[ 1976] = 2ffe000047ff041f : 3458201565075014687
@@@ mem[ 1984] = 2ffe000047ff041f : 3458201565075014687
@@@ mem[ 1992] = 2ffe000047ff041f : 3458201565075014687
@@@ mem[ 2000] = 2ffe000047ff041f : 3458201565075014687
@@@ mem[ 2008] = 2ffe000047ff041f : 3458201565075014687
@@@ mem[ 2016] = 2ffe000047ff041f : 3458201565075014687
@@@ mem[ 2024] = 2ffe000047ff041f : 3458201565075014687
@@@ mem[ 2032] = 2ffe000047ff041f : 3458201565075014687
@@@ mem[ 2040] = 2ffe000047ff041f : 3458201565075014687
@@@
@@@
$finish called from file "../../testbench/pipeline_test.v", line 374.
$finish at simulation time              9800549
           V C S   S i m u l a t i o n   R e p o r t 
Time: 980054900 ps
CPU Time:      2.030 seconds;       Data structure size:   0.4Mb
Thu Apr 25 21:35:23 2019
