Chronologic VCS simulator copyright 1991-2017
Contains Synopsys proprietary information.
Compiler version N-2017.12-SP2-1_Full64; Runtime version N-2017.12-SP2-1_Full64;  Apr 20 19:20 2019
VCD+ Writer N-2017.12-SP2-1_Full64 Copyright (c) 1991-2017 by Synopsys Inc.
@@
@@
@@                     0  Asserting System reset......
@@
@@                     0 : System STILL at reset, can't show anything
@@
@@
@@                   100 : System STILL at reset, can't show anything
@@
@@
@@                   200 : System STILL at reset, can't show anything
@@
@@
@@                   300 : System STILL at reset, can't show anything
@@
@@                   360  Deasserting System reset......
@@
@@
@@@ Unified Memory contents hex on left, decimal on right: 
@@@
@@@ mem[    0] = 205f0002203f0003 : 2332583141132140547
@@@ mem[    8] = 209f0005207f0004 : 2350597552530718724
@@@ mem[   16] = 4064040640220405 : 4639837940990739461
@@@ mem[   24] = 0000055540a60407 : 5863714980871
@@@
@@@
@@                  4320 : System halted
@@
@@@ System halted on HALT instruction
@@@
@@
@@  40 cycles / 7 instrs = 5.714286 CPI
@@
@@  1170.00 ns total time to execute
@@

$finish called from file "testbench/testbench.v", line 257.
$finish at simulation time                 5320
           V C S   S i m u l a t i o n   R e p o r t 
Time: 532000 ps
CPU Time:      0.320 seconds;       Data structure size:   0.2Mb
Sat Apr 20 19:20:06 2019
