Chronologic VCS simulator copyright 1991-2017
Contains Synopsys proprietary information.
Compiler version N-2017.12-SP2-1_Full64; Runtime version N-2017.12-SP2-1_Full64;  Apr 20 14:54 2019
VCD+ Writer N-2017.12-SP2-1_Full64 Copyright (c) 1991-2017 by Synopsys Inc.
@@
@@
@@                     0  Asserting System reset......
@@
@@                     0 : System STILL at reset, can't show anything
@@
@@
@@                   100 : System STILL at reset, can't show anything
@@
@@
@@                   200 : System STILL at reset, can't show anything
@@
@@
@@                   300 : System STILL at reset, can't show anything
@@
@@                   360  Deasserting System reset......
@@
@@
@@@ Unified Memory contents hex on left, decimal on right: 
@@@
@@@ mem[    0] = 0000055540220403 : 5863706330115
@@@
@@@
@@                  1320 : System halted
@@
@@@ System halted on HALT instruction
@@@
@@
@@  10 cycles / 1 instrs = 10.000000 CPI
@@
@@  270.00 ns total time to execute
@@

$finish called from file "testbench/testbench.v", line 257.
$finish at simulation time                 2320
           V C S   S i m u l a t i o n   R e p o r t 
Time: 232000 ps
CPU Time:      0.290 seconds;       Data structure size:   0.2Mb
Sat Apr 20 14:54:11 2019
