PC=0000000000000000, REG[ 1]=0000000000000008
PC=0000000000000004, REG[ 2]=00000000000027bb
PC=0000000000000008, REG[ 2]=0000000027bb0000
PC=000000000000000c, REG[ 0]=0000000000002ee6
PC=0000000000000010, REG[ 2]=0000000027bb2ee6
PC=0000000000000014, REG[ 0]=000000000000087b
PC=0000000000000018, REG[ 2]=0000027bb2ee6000
PC=000000000000001c, REG[ 2]=0000027bb2ee687b
PC=0000000000000020, REG[ 0]=00000000000000b0
PC=0000000000000024, REG[ 2]=0027bb2ee687b000
PC=0000000000000028, REG[ 2]=0027bb2ee687b0b0
PC=000000000000002c, REG[ 0]=00000000000000fd
PC=0000000000000030, REG[ 2]=27bb2ee687b0b000
PC=0000000000000034, REG[ 2]=27bb2ee687b0b0fd
PC=0000000000000038, REG[ 3]=0000000000000b50
PC=000000000000003c, REG[ 3]=0000000000b50000
PC=0000000000000040, REG[ 0]=00000000000004f3
PC=0000000000000044, REG[ 3]=0000000000b504f3
PC=0000000000000048, REG[ 0]=000000000000002d
PC=000000000000004c, REG[ 3]=000000000b504f30
PC=0000000000000050, REG[ 3]=000000000b504f3d
PC=0000000000000054, REG[ 4]=0000000000000000
PC=0000000000000058, REG[ 4]=0000000000000001
PC=000000000000005c, REG[ 5]=0000000000000001
PC=0000000000000060, REG[10]=xxxxxxxxxxxxxxxx
PC=0000000000000064, REG[11]=xxxxxxxxxxxxxxxx
PC=0000000000000068, REG[12]=xxxxxxxxxxxxxxxx
PC=000000000000006c, REG[ 1]=000000000b504f45
PC=0000000000000070, REG[10]=00000000xxxxxxxx
PC=0000000000000074, REG[11]=00000000xxxxxxxx
PC=0000000000000078, REG[12]=00000000xxxxxxxx
PC=000000000000007c, REG[13]=0000000000000000
PC=0000000000000080, REG[ 0]=000000000000004d
PC=0000000000000084, ---
PC=0000000000000058, REG[ 4]=0000000000000002
PC=000000000000005c, REG[ 5]=0000000000000001
PC=0000000000000060, REG[10]=xxxxxxxxxxxxxxxx
PC=0000000000000064, REG[11]=xxxxxxxxxxxxxxxx
PC=0000000000000068, REG[12]=xxxxxxxxxxxxxxxx
PC=000000000000006c, REG[ 1]=0000000016a09e82
PC=0000000000000070, REG[10]=00000000xxxxxxxx
PC=0000000000000074, REG[11]=00000000xxxxxxxx
PC=0000000000000078, REG[12]=00000000xxxxxxxx
PC=000000000000007c, REG[13]=0000000000000000
PC=0000000000000080, REG[ 0]=000000000000006d
PC=0000000000000084, ---
PC=0000000000000058, REG[ 4]=0000000000000003
PC=000000000000005c, REG[ 5]=0000000000000001
PC=0000000000000060, REG[10]=xxxxxxxxxxxxxxxx
PC=0000000000000064, REG[11]=xxxxxxxxxxxxxxxx
PC=0000000000000068, REG[12]=xxxxxxxxxxxxxxxx
PC=000000000000006c, REG[ 1]=0000000021f0edbf
PC=0000000000000070, REG[10]=00000000xxxxxxxx
PC=0000000000000074, REG[11]=00000000xxxxxxxx
PC=0000000000000078, REG[12]=00000000xxxxxxxx
PC=000000000000007c, REG[13]=0000000000000000
PC=0000000000000080, REG[ 0]=000000000000008d
PC=0000000000000084, ---
PC=0000000000000058, REG[ 4]=0000000000000004
PC=000000000000005c, REG[ 5]=0000000000000001
PC=0000000000000060, REG[10]=xxxxxxxxxxxxxxxx
PC=0000000000000064, REG[11]=xxxxxxxxxxxxxxxx
PC=0000000000000068, REG[12]=xxxxxxxxxxxxxxxx
PC=000000000000006c, REG[ 1]=000000002d413cfc
PC=0000000000000070, REG[10]=00000000xxxxxxxx
PC=0000000000000074, REG[11]=00000000xxxxxxxx
PC=0000000000000078, REG[12]=00000000xxxxxxxx
PC=000000000000007c, REG[13]=0000000000000000
PC=0000000000000080, REG[ 0]=00000000000000ad
PC=0000000000000084, ---
PC=0000000000000058, REG[ 4]=0000000000000005
PC=000000000000005c, REG[ 5]=0000000000000001
PC=0000000000000060, REG[10]=xxxxxxxxxxxxxxxx
PC=0000000000000064, REG[11]=xxxxxxxxxxxxxxxx
PC=0000000000000068, REG[12]=xxxxxxxxxxxxxxxx
PC=000000000000006c, REG[ 1]=0000000038918c39
PC=0000000000000070, REG[10]=00000000xxxxxxxx
PC=0000000000000074, REG[11]=00000000xxxxxxxx
PC=0000000000000078, REG[12]=00000000xxxxxxxx
PC=000000000000007c, REG[13]=0000000000000000
PC=0000000000000080, REG[ 0]=00000000000000cd
PC=0000000000000084, ---
PC=0000000000000058, REG[ 4]=0000000000000006
PC=000000000000005c, REG[ 5]=0000000000000001
PC=0000000000000060, REG[10]=xxxxxxxxxxxxxxxx
PC=0000000000000064, REG[11]=xxxxxxxxxxxxxxxx
PC=0000000000000068, REG[12]=xxxxxxxxxxxxxxxx
PC=000000000000006c, REG[ 1]=0000000043e1db76
PC=0000000000000070, REG[10]=00000000xxxxxxxx
PC=0000000000000074, REG[11]=00000000xxxxxxxx
PC=0000000000000078, REG[12]=00000000xxxxxxxx
PC=000000000000007c, REG[13]=0000000000000000
PC=0000000000000080, REG[ 0]=00000000000000ed
PC=0000000000000084, ---
PC=0000000000000058, REG[ 4]=0000000000000007
PC=000000000000005c, REG[ 5]=0000000000000001
PC=0000000000000060, REG[10]=xxxxxxxxxxxxxxxx
PC=0000000000000064, REG[11]=xxxxxxxxxxxxxxxx
PC=0000000000000068, REG[12]=xxxxxxxxxxxxxxxx
PC=000000000000006c, REG[ 1]=000000004f322ab3
PC=0000000000000070, REG[10]=00000000xxxxxxxx
PC=0000000000000074, REG[11]=00000000xxxxxxxx
PC=0000000000000078, REG[12]=00000000xxxxxxxx
PC=000000000000007c, REG[13]=0000000000000000
PC=0000000000000080, REG[ 0]=000000000000010d
PC=0000000000000084, ---
PC=0000000000000058, REG[ 4]=0000000000000008
PC=000000000000005c, REG[ 5]=0000000000000001
PC=0000000000000060, REG[10]=xxxxxxxxxxxxxxxx
PC=0000000000000064, REG[11]=xxxxxxxxxxxxxxxx
PC=0000000000000068, REG[12]=xxxxxxxxxxxxxxxx
PC=000000000000006c, REG[ 1]=000000005a8279f0
PC=0000000000000070, REG[10]=00000000xxxxxxxx
PC=0000000000000074, REG[11]=00000000xxxxxxxx
PC=0000000000000078, REG[12]=00000000xxxxxxxx
PC=000000000000007c, REG[13]=0000000000000000
PC=0000000000000080, REG[ 0]=000000000000012d
PC=0000000000000084, ---
PC=0000000000000058, REG[ 4]=0000000000000009
PC=000000000000005c, REG[ 5]=0000000000000001
PC=0000000000000060, REG[10]=xxxxxxxxxxxxxxxx
PC=0000000000000064, REG[11]=xxxxxxxxxxxxxxxx
PC=0000000000000068, REG[12]=xxxxxxxxxxxxxxxx
PC=000000000000006c, REG[ 1]=0000000065d2c92d
PC=0000000000000070, REG[10]=00000000xxxxxxxx
PC=0000000000000074, REG[11]=00000000xxxxxxxx
PC=0000000000000078, REG[12]=00000000xxxxxxxx
PC=000000000000007c, REG[13]=0000000000000000
PC=0000000000000080, REG[ 0]=000000000000014d
PC=0000000000000084, ---
PC=0000000000000058, REG[ 4]=000000000000000a
PC=000000000000005c, REG[ 5]=0000000000000001
PC=0000000000000060, REG[10]=xxxxxxxxxxxxxxxx
PC=0000000000000064, REG[11]=xxxxxxxxxxxxxxxx
PC=0000000000000068, REG[12]=xxxxxxxxxxxxxxxx
PC=000000000000006c, REG[ 1]=000000007123186a
PC=0000000000000070, REG[10]=00000000xxxxxxxx
PC=0000000000000074, REG[11]=00000000xxxxxxxx
PC=0000000000000078, REG[12]=00000000xxxxxxxx
PC=000000000000007c, REG[13]=0000000000000000
PC=0000000000000080, REG[ 0]=000000000000016d
PC=0000000000000084, ---
PC=0000000000000058, REG[ 4]=000000000000000b
PC=000000000000005c, REG[ 5]=0000000000000001
PC=0000000000000060, REG[10]=xxxxxxxxxxxxxxxx
PC=0000000000000064, REG[11]=xxxxxxxxxxxxxxxx
PC=0000000000000068, REG[12]=xxxxxxxxxxxxxxxx
PC=000000000000006c, REG[ 1]=000000007c7367a7
PC=0000000000000070, REG[10]=00000000xxxxxxxx
PC=0000000000000074, REG[11]=00000000xxxxxxxx
PC=0000000000000078, REG[12]=00000000xxxxxxxx
PC=000000000000007c, REG[13]=0000000000000000
PC=0000000000000080, REG[ 0]=000000000000018d
PC=0000000000000084, ---
PC=0000000000000058, REG[ 4]=000000000000000c
PC=000000000000005c, REG[ 5]=0000000000000001
PC=0000000000000060, REG[10]=xxxxxxxxxxxxxxxx
PC=0000000000000064, REG[11]=xxxxxxxxxxxxxxxx
PC=0000000000000068, REG[12]=xxxxxxxxxxxxxxxx
PC=000000000000006c, REG[ 1]=0000000087c3b6e4
PC=0000000000000070, REG[10]=00000000xxxxxxxx
PC=0000000000000074, REG[11]=00000000xxxxxxxx
PC=0000000000000078, REG[12]=00000000xxxxxxxx
PC=000000000000007c, REG[13]=0000000000000000
PC=0000000000000080, REG[ 0]=00000000000001ad
PC=0000000000000084, ---
PC=0000000000000058, REG[ 4]=000000000000000d
PC=000000000000005c, REG[ 5]=0000000000000001
PC=0000000000000060, REG[10]=xxxxxxxxxxxxxxxx
PC=0000000000000064, REG[11]=xxxxxxxxxxxxxxxx
PC=0000000000000068, REG[12]=xxxxxxxxxxxxxxxx
PC=000000000000006c, REG[ 1]=0000000093140621
PC=0000000000000070, REG[10]=00000000xxxxxxxx
PC=0000000000000074, REG[11]=00000000xxxxxxxx
PC=0000000000000078, REG[12]=00000000xxxxxxxx
PC=000000000000007c, REG[13]=0000000000000000
PC=0000000000000080, REG[ 0]=00000000000001cd
PC=0000000000000084, ---
PC=0000000000000058, REG[ 4]=000000000000000e
PC=000000000000005c, REG[ 5]=0000000000000001
PC=0000000000000060, REG[10]=xxxxxxxxxxxxxxxx
PC=0000000000000064, REG[11]=xxxxxxxxxxxxxxxx
PC=0000000000000068, REG[12]=xxxxxxxxxxxxxxxx
PC=000000000000006c, REG[ 1]=000000009e64555e
PC=0000000000000070, REG[10]=00000000xxxxxxxx
PC=0000000000000074, REG[11]=00000000xxxxxxxx
PC=0000000000000078, REG[12]=00000000xxxxxxxx
PC=000000000000007c, REG[13]=0000000000000000
PC=0000000000000080, REG[ 0]=00000000000001ed
PC=0000000000000084, ---
PC=0000000000000058, REG[ 4]=000000000000000f
PC=000000000000005c, REG[ 5]=0000000000000001
PC=0000000000000060, REG[10]=xxxxxxxxxxxxxxxx
PC=0000000000000064, REG[11]=xxxxxxxxxxxxxxxx
PC=0000000000000068, REG[12]=xxxxxxxxxxxxxxxx
PC=000000000000006c, REG[ 1]=00000000a9b4a49b
PC=0000000000000070, REG[10]=00000000xxxxxxxx
PC=0000000000000074, REG[11]=00000000xxxxxxxx
PC=0000000000000078, REG[12]=00000000xxxxxxxx
PC=000000000000007c, REG[13]=0000000000000000
PC=0000000000000080, REG[ 0]=000000000000020d
PC=0000000000000084, ---
PC=0000000000000058, REG[ 4]=0000000000000010
PC=000000000000005c, REG[ 5]=0000000000000000
PC=0000000000000060, REG[10]=xxxxxxxxxxxxxxxx
PC=0000000000000064, REG[11]=xxxxxxxxxxxxxxxx
PC=0000000000000068, REG[12]=xxxxxxxxxxxxxxxx
PC=000000000000006c, REG[ 1]=00000000b504f3d8
PC=0000000000000070, REG[10]=00000000xxxxxxxx
PC=0000000000000074, REG[11]=00000000xxxxxxxx
PC=0000000000000078, REG[12]=00000000xxxxxxxx
PC=000000000000007c, REG[13]=0000000000000000
PC=0000000000000080, REG[ 0]=000000000000022d
PC=0000000000000084, ---
PC=0000000000000088, ---
