Chronologic VCS simulator copyright 1991-2017
Contains Synopsys proprietary information.
Compiler version N-2017.12-SP2-1_Full64; Runtime version N-2017.12-SP2-1_Full64;  Apr 19 12:38 2019
VCD+ Writer N-2017.12-SP2-1_Full64 Copyright (c) 1991-2017 by Synopsys Inc.
@@
@@
@@                     0  Asserting System reset......
@@
@@                     0 : System STILL at reset, can't show anything
@@
@@
@@                   100 : System STILL at reset, can't show anything
@@
@@
@@                   200 : System STILL at reset, can't show anything
@@
@@
@@                   300 : System STILL at reset, can't show anything
@@
@@                   360  Deasserting System reset......
@@
@@
@@@ Unified Memory contents hex on left, decimal on right: 
@@@
@@@ mem[    0] = 205f27bb203f0008 : 2332626816654573576
@@@ mem[    8] = 201f2ee648421722 : 2314620300081370914
@@@ mem[   16] = 201f087b44400402 : 2314578059010769922
@@@ mem[   24] = 4440040248419722 : 4917935200937285410
@@@ mem[   32] = 48419722201f00b0 : 5206608817040588976
@@@ mem[   40] = 201f00fd44400402 : 2314569821263496194
@@@ mem[   48] = 4440040248411722 : 4917935200937252642
@@@ mem[   56] = 48619723207f0b50 : 5215616020596591440
@@@ mem[   64] = 44600403201f04f3 : 4926942403813639411
@@@ mem[   72] = 48609723201f002d : 5215334545613586477
@@@ mem[   80] = 209f000044600403 : 2350597531657831427
@@@ mem[   88] = 4081fda540803404 : 4648275176616637444
@@@ mem[   96] = 4143040a4c22040a : 4702606878178411530
@@@ mem[  104] = 4163040b4d42040b : 4711614081746994187
@@@ mem[  112] = 4183040c4d62040c : 4720621285298799628
@@@ mem[  120] = 402304014d820401 : 4621542046254105601
@@@ mem[  128] = 4964168b4944168a : 5288376649925269130
@@@ mem[  136] = 4824168d4984168c : 5198304665971988108
@@@ mem[  144] = 4080340440041400 : 4647772008304874496
@@@ mem[  152] = 4c22040a4081fda5 : 5485951738169130405
@@@ mem[  160] = 4d42040b4143040a : 5567016535769416714
@@@ mem[  168] = 4d62040c4163040b : 5576023739321222155
@@@ mem[  176] = 4d8204014183040c : 5585030891333420044
@@@ mem[  184] = 4944168a40230401 : 5279369446222398465
@@@ mem[  192] = 4984168c4964168b : 5297383853477074571
@@@ mem[  200] = 400414004824168d : 4612833909777110669
@@@ mem[  208] = 4081fda540803404 : 4648275176616637444
@@@ mem[  216] = 4143040a4c22040a : 4702606878178411530
@@@ mem[  224] = 4163040b4d42040b : 4711614081746994187
@@@ mem[  232] = 4183040c4d62040c : 4720621285298799628
@@@ mem[  240] = 402304014d820401 : 4621542046254105601
@@@ mem[  248] = 4964168b4944168a : 5288376649925269130
@@@ mem[  256] = 4824168d4984168c : 5198304665971988108
@@@ mem[  264] = 4080340440041400 : 4647772008304874496
@@@ mem[  272] = 4c22040a4081fda5 : 5485951738169130405
@@@ mem[  280] = 4d42040b4143040a : 5567016535769416714
@@@ mem[  288] = 4d62040c4163040b : 5576023739321222155
@@@ mem[  296] = 4d8204014183040c : 5585030891333420044
@@@ mem[  304] = 4944168a40230401 : 5279369446222398465
@@@ mem[  312] = 4984168c4964168b : 5297383853477074571
@@@ mem[  320] = 400414004824168d : 4612833909777110669
@@@ mem[  328] = 4081fda540803404 : 4648275176616637444
@@@ mem[  336] = 4143040a4c22040a : 4702606878178411530
@@@ mem[  344] = 4163040b4d42040b : 4711614081746994187
@@@ mem[  352] = 4183040c4d62040c : 4720621285298799628
@@@ mem[  360] = 402304014d820401 : 4621542046254105601
@@@ mem[  368] = 4964168b4944168a : 5288376649925269130
@@@ mem[  376] = 4824168d4984168c : 5198304665971988108
@@@ mem[  384] = 4080340440041400 : 4647772008304874496
@@@ mem[  392] = 4c22040a4081fda5 : 5485951738169130405
@@@ mem[  400] = 4d42040b4143040a : 5567016535769416714
@@@ mem[  408] = 4d62040c4163040b : 5576023739321222155
@@@ mem[  416] = 4d8204014183040c : 5585030891333420044
@@@ mem[  424] = 4944168a40230401 : 5279369446222398465
@@@ mem[  432] = 4984168c4964168b : 5297383853477074571
@@@ mem[  440] = 400414004824168d : 4612833909777110669
@@@ mem[  448] = 0000000000000555 : 1365
@@@
@@@
@@                 56820 : System halted
@@
@@@ System halted on HALT instruction
@@@
@@
@@  565 cycles / 112 instrs = 5.044643 CPI
@@
@@  16920.00 ns total time to execute
@@

$finish called from file "testbench/testbench.v", line 257.
$finish at simulation time                57820
           V C S   S i m u l a t i o n   R e p o r t 
Time: 5782000 ps
CPU Time:      0.240 seconds;       Data structure size:   0.2Mb
Fri Apr 19 12:38:13 2019
