Chronologic VCS simulator copyright 1991-2017
Contains Synopsys proprietary information.
Compiler version N-2017.12-SP2-1_Full64; Runtime version N-2017.12-SP2-1_Full64;  Apr 20 14:54 2019
VCD+ Writer N-2017.12-SP2-1_Full64 Copyright (c) 1991-2017 by Synopsys Inc.
@@
@@
@@                     0  Asserting System reset......
@@
@@                     0 : System STILL at reset, can't show anything
@@
@@
@@                   100 : System STILL at reset, can't show anything
@@
@@
@@                   200 : System STILL at reset, can't show anything
@@
@@
@@                   300 : System STILL at reset, can't show anything
@@
@@                   360  Deasserting System reset......
@@
@@
@@@ Unified Memory contents hex on left, decimal on right: 
@@@
@@@ mem[    0] = 2ffe0000c3e00021 : 3458201567153356833
@@@ mem[    8] = 0000000000000004 : 4
@@@ mem[   16] = 0000000000000001 : 1
@@@ mem[   24] = 0000000000000004 : 4
@@@ mem[   32] = 0000000000000001 : 1
@@@ mem[   40] = 0000000000000005 : 5
@@@ mem[   48] = 0000000000000009 : 9
@@@ mem[   56] = 0000000000000002 : 2
@@@ mem[   64] = 0000000000000006 : 6
@@@ mem[   72] = 0000000000000005 : 5
@@@ mem[   80] = 0000000000000003 : 3
@@@ mem[   88] = 0000000000000005 : 5
@@@ mem[   96] = 0000000000000008 : 8
@@@ mem[  104] = 0000000000000009 : 9
@@@ mem[  112] = 0000000000000007 : 7
@@@ mem[  120] = 0000000000000009 : 9
@@@ mem[  128] = 0000000000000003 : 3
@@@ mem[  136] = 207f0008205f0004 : 2341590366158782468
@@@ mem[  144] = b4430000a4830000 : 12989225753026691072
@@@ mem[  152] = 2ffe000000000555 : 3458201563867120981
@@@
@@@
@@                  3320 : System halted
@@
@@@ System halted on HALT instruction
@@@
@@
@@  30 cycles / 5 instrs = 6.000000 CPI
@@
@@  870.00 ns total time to execute
@@

$finish called from file "testbench/testbench.v", line 257.
$finish at simulation time                 4320
           V C S   S i m u l a t i o n   R e p o r t 
Time: 432000 ps
CPU Time:      0.290 seconds;       Data structure size:   0.2Mb
Sat Apr 20 14:54:59 2019
