                         Chronologic VCS (TM)
      Version N-2017.12-SP2-1_Full64 -- Tue Mar 19 16:07:18 2019
               Copyright (c) 1991-2017 by Synopsys Inc.
                         ALL RIGHTS RESERVED

This program is proprietary and confidential information of Synopsys Inc.
and may be used and disclosed only as authorized in a license agreement
controlling such use and disclosure.

Parsing design file 'gshare_test.v'
Parsing design file 'GSHARE.vg'
Parsing design file '/afs/umich.edu/class/eecs470/lib/verilog/lec25dscc25.v'
Top Level Modules:
       testbench
       and2s3
       and3s1
       and3s2
       and3s3
       and4s1
       and4s2
       aoai1112s1
       aoai1112s2
       aoai1112s3
       aoi123s1
       aoi123s2
       aoi123s3
       aoi13s1
       aoi13s2
       aoi13s3
       aoi211s1
       aoi211s2
       aoi211s3
       aoi21s2
       aoi21s3
       aoi221s1
       aoi221s2
       aoi221s3
       aoi2221s1
       aoi2221s2
       aoi2221s3
       aoi222s1
       aoi222s2
       aoi222s3
       aoi22s3
       aoi23s1
       aoi23s2
       aoi23s3
       aoi33s1
       aoi33s2
       aoi33s3
       aoi4111s1
       aoi4111s2
       aoi4111s3
       aoi42s1
       aoi42s2
       aoi42s3
       bshes1
       bshes2
       bshes3
       bsles1
       bsles2
       bsles3
       dchei24s1
       dchei24s2
       dchei24s3
       dci24s1
       dci24s2
       dci24s3
       dclei24s1
       dclei24s2
       dclei24s3
       dffacs1
       dffacs2
       dffascs1
       dffascs2
       dffass1
       dffass2
       dffcs2
       dffles1
       dffs1
       dffscs1
       dffscs2
       dffss1
       dffss2
       di2s1
       di2s2
       di2s3
       di2s4
       di2s5
       di2s6
       dsmxc31s1
       dsmxc31s2
       fadd1s1
       fadd1s2
       fadd1s3
       hi1s1
       hib1s1
       hnb1s1
       i1s1
       i1s2
       i1s4
       i1s5
       i1s6
       i1s7
       ib1s2
       ib1s3
       ib1s4
       ib1s5
       lclks1
       lclks2
       lcs1
       lcs2
       lnnds1
       lnnds2
       lnors1
       lnors2
       lscs1
       lscs2
       lss1
       lss2
       mx21s1
       mx21s2
       mx21s3
       mx41s1
       mx41s2
       mx41s3
       mxi21s1
       mxi21s2
       mxi21s3
       mxi41s1
       mxi41s2
       mxi41s3
       nb1s1
       nb1s2
       nb1s3
       nb1s4
       nb1s5
       nb1s6
       nnd2s3
       nnd3s1
       nnd3s3
       nnd4s1
       nnd4s2
       nnd4s3
       nnd5s3
       nnd6s3
       nor2s2
       nor2s3
       nor3s1
       nor3s2
       nor3s3
       nor4s1
       nor4s2
       nor4s3
       nor5s1
       nor5s2
       nor5s3
       nor6s1
       nor6s2
       nor6s3
       npd1s1
       npd1s2
       npt1s1
       npt1s2
       npt1s3
       npt1s4
       npt1s5
       npt1s6
       oaaoi1123s1
       oaaoi1123s2
       oaaoi1123s3
       oai1112s1
       oai1112s2
       oai1112s3
       oai211s1
       oai211s2
       oai211s3
       oai21s3
       oai221s1
       oai221s2
       oai221s3
       oai2222s1
       oai2222s2
       oai2222s3
       oai222s1
       oai222s2
       oai222s3
       oai22s1
       oai24s1
       oai24s2
       oai24s3
       oai322s1
       oai322s2
       oai322s3
       oai32s1
       oai32s2
       oai32s3
       oai33s2
       oai33s3
       or2s2
       or2s3
       or3s1
       or3s2
       or3s3
       or4s1
       or4s2
       or4s3
       or5s1
       or5s2
       or5s3
       ppt1s1
       ppt1s2
       ppt1s3
       ppt1s4
       ppt1s5
       ppt1s6
       ppu1s1
       ppu1s2
       rpc1s1
       rpc1s2
       sdffacs1
       sdffacs2
       sdffascs1
       sdffascs2
       sdffass1
       sdffass2
       sdffcs1
       sdffcs2
       sdffles1
       sdffles2
       sdffs1
       sdffs2
       sdffscs1
       sdffscs2
       sdffss1
       sdffss2
       sub1s1
       sub1s2
       sub1s3
       tibh1s1
       tibh1s2
       tibh1s3
       tibh1s4
       tibh1s5
       tibl1s1
       tibl1s2
       tibl1s3
       tibl1s4
       tibl1s5
       tnbh1s1
       tnbh1s2
       tnbh1s3
       tnbh1s4
       tnbh1s5
       tnbl1s1
       xnr2s1
       xnr2s2
       xnr2s3
       xnr3s1
       xnr3s2
       xnr3s3
       xor2s2
       xor2s3
       xor3s1
       xor3s2
       xor3s3
       and4s3
       aoai122s1
       aoai122s2
       aoai122s3
       clc2s1
       clc2s2
       clc2s3
       di2s10
       di2s11
       di2s12
       di2s7
       di2s8
       di2s9
       faddpgs1
       faddpgs2
       faddpgs3
       hadd1s1
       hadd1s2
       hadd1s3
       i1s10
       i1s11
       i1s12
       i1s8
       i1s9
       ib1s10
       ib1s11
       ib1s12
       ib1s6
       ib1s7
       ib1s8
       ib1s9
       nb1s10
       nb1s11
       nb1s12
       nb1s7
       nb1s8
       nb1s9
       nnd7s3
       nnd8s3
       nor7s3
       oai13s1
       oai13s2
       oai13s3
       oai22s3
       oai321s1
       oai321s2
       oai321s3
       oai33s1
       tibh1s6
       tibl1s6
       tnbh1s6
       tnbl1s2
       tnbl1s3
       tnbl1s4
       tnbl1s5
       tnbl1s6
No TimeScale specified

Warning-[TFIPC] Too few instance port connections
GSHARE.vg, 46
"dffcs1 prediction_reg( .CLRB (n131),  .DIN (n133),  .CLK (clock),  .Q (prediction_out));"
  The above instance has fewer port connections than the module definition.
  Please use '+lint=TFIPC-L' to print out detailed information of unconnected 
  ports.


Warning-[TFIPC] Too few instance port connections
GSHARE.vg, 48
"dffles2 \pht_reg[14] ( .DIN (n132),  .EB (n128),  .CLK (clock),  .Q (pht_out[14]));"
  The above instance has fewer port connections than the module definition.
  Please use '+lint=TFIPC-L' to print out detailed information of unconnected 
  ports.


Warning-[TFIPC] Too few instance port connections
GSHARE.vg, 50
"dffles2 \pht_reg[12] ( .DIN (n132),  .EB (n126),  .CLK (clock),  .Q (pht_out[12]));"
  The above instance has fewer port connections than the module definition.
  Please use '+lint=TFIPC-L' to print out detailed information of unconnected 
  ports.


Warning-[TFIPC] Too few instance port connections
GSHARE.vg, 52
"dffles2 \pht_reg[10] ( .DIN (n132),  .EB (n124),  .CLK (clock),  .Q (pht_out[10]));"
  The above instance has fewer port connections than the module definition.
  Please use '+lint=TFIPC-L' to print out detailed information of unconnected 
  ports.


Warning-[TFIPC] Too few instance port connections
GSHARE.vg, 54
"dffles2 \pht_reg[8] ( .DIN (n132),  .EB (n122),  .CLK (clock),  .Q (pht_out[8]));"
  The above instance has fewer port connections than the module definition.
  Please use '+lint=TFIPC-L' to print out detailed information of unconnected 
  ports.


Warning-[TFIPC] Too few instance port connections
GSHARE.vg, 55
"dffles2 \pht_reg[6] ( .DIN (n132),  .EB (n120),  .CLK (clock),  .Q (pht_out[6]));"
  The above instance has fewer port connections than the module definition.
  Please use '+lint=TFIPC-L' to print out detailed information of unconnected 
  ports.


Warning-[TFIPC] Too few instance port connections
GSHARE.vg, 56
"dffles2 \pht_reg[4] ( .DIN (n132),  .EB (n118),  .CLK (clock),  .Q (pht_out[4]));"
  The above instance has fewer port connections than the module definition.
  Please use '+lint=TFIPC-L' to print out detailed information of unconnected 
  ports.


Warning-[TFIPC] Too few instance port connections
GSHARE.vg, 57
"dffles2 \pht_reg[2] ( .DIN (n132),  .EB (n116),  .CLK (clock),  .Q (pht_out[2]));"
  The above instance has fewer port connections than the module definition.
  Please use '+lint=TFIPC-L' to print out detailed information of unconnected 
  ports.


Warning-[TFIPC] Too few instance port connections
GSHARE.vg, 58
"dffles2 \pht_reg[0] ( .DIN (n132),  .EB (n114),  .CLK (clock),  .Q (pht_out[0]));"
  The above instance has fewer port connections than the module definition.
  Please use '+lint=TFIPC-L' to print out detailed information of unconnected 
  ports.


Warning-[TFIPC] Too few instance port connections
GSHARE.vg, 59
"dffles2 \pht_reg[15] ( .DIN (n132),  .EB (n129),  .CLK (clock),  .Q (pht_out[15]));"
  The above instance has fewer port connections than the module definition.
  Please use '+lint=TFIPC-L' to print out detailed information of unconnected 
  ports.


Warning-[TFIPC] Too few instance port connections
GSHARE.vg, 61
"dffles2 \pht_reg[13] ( .DIN (n132),  .EB (n127),  .CLK (clock),  .Q (pht_out[13]));"
  The above instance has fewer port connections than the module definition.
  Please use '+lint=TFIPC-L' to print out detailed information of unconnected 
  ports.


Warning-[TFIPC] Too few instance port connections
GSHARE.vg, 63
"dffles2 \pht_reg[11] ( .DIN (n132),  .EB (n125),  .CLK (clock),  .Q (pht_out[11]));"
  The above instance has fewer port connections than the module definition.
  Please use '+lint=TFIPC-L' to print out detailed information of unconnected 
  ports.


Warning-[TFIPC] Too few instance port connections
GSHARE.vg, 65
"dffles2 \pht_reg[9] ( .DIN (n132),  .EB (n123),  .CLK (clock),  .Q (pht_out[9]));"
  The above instance has fewer port connections than the module definition.
  Please use '+lint=TFIPC-L' to print out detailed information of unconnected 
  ports.


Warning-[TFIPC] Too few instance port connections
GSHARE.vg, 66
"dffles2 \pht_reg[7] ( .DIN (n132),  .EB (n121),  .CLK (clock),  .Q (pht_out[7]));"
  The above instance has fewer port connections than the module definition.
  Please use '+lint=TFIPC-L' to print out detailed information of unconnected 
  ports.


Warning-[TFIPC] Too few instance port connections
GSHARE.vg, 67
"dffles2 \pht_reg[5] ( .DIN (n132),  .EB (n119),  .CLK (clock),  .Q (pht_out[5]));"
  The above instance has fewer port connections than the module definition.
  Please use '+lint=TFIPC-L' to print out detailed information of unconnected 
  ports.


Warning-[TFIPC] Too few instance port connections
GSHARE.vg, 68
"dffles2 \pht_reg[3] ( .DIN (n132),  .EB (n117),  .CLK (clock),  .Q (pht_out[3]));"
  The above instance has fewer port connections than the module definition.
  Please use '+lint=TFIPC-L' to print out detailed information of unconnected 
  ports.


Warning-[TFIPC] Too few instance port connections
GSHARE.vg, 69
"dffles2 \pht_reg[1] ( .DIN (n132),  .EB (n115),  .CLK (clock),  .Q (pht_out[1]));"
  The above instance has fewer port connections than the module definition.
  Please use '+lint=TFIPC-L' to print out detailed information of unconnected 
  ports.

Notice: Ports coerced to inout, use -notice for details
Starting vcs inline pass...
314 modules and 8 UDPs read.
recompiling module testbench
recompiling module and2s3
recompiling module and3s1
recompiling module and3s2
recompiling module and3s3
recompiling module and4s1
recompiling module and4s2
recompiling module aoai1112s1
recompiling module aoai1112s2
recompiling module aoai1112s3
recompiling module aoi123s1
recompiling module aoi123s2
recompiling module aoi123s3
recompiling module aoi13s1
recompiling module aoi13s2
recompiling module aoi13s3
recompiling module aoi211s1
recompiling module aoi211s2
recompiling module aoi211s3
recompiling module aoi21s2
recompiling module aoi21s3
recompiling module aoi221s1
recompiling module aoi221s2
recompiling module aoi221s3
recompiling module aoi2221s1
recompiling module aoi2221s2
recompiling module aoi2221s3
recompiling module aoi222s1
recompiling module aoi222s2
recompiling module aoi222s3
recompiling module aoi22s1
recompiling module aoi22s3
recompiling module aoi23s1
recompiling module aoi23s2
recompiling module aoi23s3
recompiling module aoi33s1
recompiling module aoi33s2
recompiling module aoi33s3
recompiling module aoi4111s1
recompiling module aoi4111s2
recompiling module aoi4111s3
recompiling module aoi42s1
recompiling module aoi42s2
recompiling module aoi42s3
recompiling module bshes1
recompiling module bshes2
recompiling module bshes3
recompiling module bsles1
recompiling module bsles2
recompiling module bsles3
50 of 314 modules done
recompiling module dchei24s1
recompiling module dchei24s2
recompiling module dchei24s3
recompiling module dci24s1
recompiling module dci24s2
recompiling module dci24s3
recompiling module dclei24s1
recompiling module dclei24s2
recompiling module dclei24s3
recompiling module dffacs1
recompiling module dffacs2
recompiling module dffascs1
recompiling module dffascs2
recompiling module dffass1
recompiling module dffass2
recompiling module dffcs2
recompiling module dffles1
recompiling module dffles2
recompiling module dffs1
recompiling module dffs2
recompiling module dffscs1
recompiling module dffscs2
recompiling module dffss1
recompiling module dffss2
recompiling module di2s1
recompiling module di2s2
recompiling module di2s3
recompiling module di2s4
recompiling module di2s5
recompiling module di2s6
recompiling module dsmxc31s1
recompiling module dsmxc31s2
recompiling module fadd1s1
recompiling module fadd1s2
recompiling module fadd1s3
recompiling module hi1s1
recompiling module hib1s1
recompiling module hnb1s1
recompiling module i1s1
recompiling module i1s2
recompiling module i1s4
recompiling module i1s5
recompiling module i1s6
recompiling module i1s7
recompiling module ib1s2
recompiling module ib1s3
recompiling module ib1s4
recompiling module ib1s5
recompiling module lclks1
recompiling module lclks2
100 of 314 modules done
recompiling module lcs1
recompiling module lcs2
recompiling module lnnds1
recompiling module lnnds2
recompiling module lnors1
recompiling module lnors2
recompiling module lscs1
recompiling module lscs2
recompiling module lss1
recompiling module lss2
recompiling module mx21s1
recompiling module mx21s2
recompiling module mx21s3
recompiling module mx41s1
recompiling module mx41s2
recompiling module mx41s3
recompiling module mxi21s1
recompiling module mxi21s2
recompiling module mxi21s3
recompiling module mxi41s1
recompiling module mxi41s2
recompiling module mxi41s3
recompiling module nb1s1
recompiling module nb1s2
recompiling module nb1s3
recompiling module nb1s4
recompiling module nb1s5
recompiling module nb1s6
recompiling module nnd2s3
recompiling module nnd3s1
recompiling module nnd3s3
recompiling module nnd4s1
recompiling module nnd4s2
recompiling module nnd4s3
recompiling module nnd5s3
recompiling module nnd6s3
recompiling module nor2s2
recompiling module nor2s3
recompiling module nor3s1
recompiling module nor3s2
recompiling module nor3s3
recompiling module nor4s1
recompiling module nor4s2
recompiling module nor4s3
recompiling module nor5s1
recompiling module nor5s2
recompiling module nor5s3
recompiling module nor6s1
recompiling module nor6s2
recompiling module nor6s3
150 of 314 modules done
recompiling module npd1s1
recompiling module npd1s2
recompiling module npt1s1
recompiling module npt1s2
recompiling module npt1s3
recompiling module npt1s4
recompiling module npt1s5
recompiling module npt1s6
recompiling module oaaoi1123s1
recompiling module oaaoi1123s2
recompiling module oaaoi1123s3
recompiling module oai1112s1
recompiling module oai1112s2
recompiling module oai1112s3
recompiling module oai211s1
recompiling module oai211s2
recompiling module oai211s3
recompiling module oai21s2
recompiling module oai21s3
recompiling module oai221s1
recompiling module oai221s2
recompiling module oai221s3
recompiling module oai2222s1
recompiling module oai2222s2
recompiling module oai2222s3
recompiling module oai222s1
recompiling module oai222s2
recompiling module oai222s3
recompiling module oai22s1
recompiling module oai22s2
recompiling module oai24s1
recompiling module oai24s2
recompiling module oai24s3
recompiling module oai322s1
recompiling module oai322s2
recompiling module oai322s3
recompiling module oai32s1
recompiling module oai32s2
recompiling module oai32s3
recompiling module oai33s2
recompiling module oai33s3
recompiling module or2s2
recompiling module or2s3
recompiling module or3s1
recompiling module or3s2
recompiling module or3s3
recompiling module or4s1
recompiling module or4s2
recompiling module or4s3
recompiling module or5s1
200 of 314 modules done
recompiling module or5s2
recompiling module or5s3
recompiling module ppt1s1
recompiling module ppt1s2
recompiling module ppt1s3
recompiling module ppt1s4
recompiling module ppt1s5
recompiling module ppt1s6
recompiling module ppu1s1
recompiling module ppu1s2
recompiling module rpc1s1
recompiling module rpc1s2
recompiling module sdffacs1
recompiling module sdffacs2
recompiling module sdffascs1
recompiling module sdffascs2
recompiling module sdffass1
recompiling module sdffass2
recompiling module sdffcs1
recompiling module sdffcs2
recompiling module sdffles1
recompiling module sdffles2
recompiling module sdffs1
recompiling module sdffs2
recompiling module sdffscs1
recompiling module sdffscs2
recompiling module sdffss1
recompiling module sdffss2
recompiling module sub1s1
recompiling module sub1s2
recompiling module sub1s3
recompiling module tibh1s1
recompiling module tibh1s2
recompiling module tibh1s3
recompiling module tibh1s4
recompiling module tibh1s5
recompiling module tibl1s1
recompiling module tibl1s2
recompiling module tibl1s3
recompiling module tibl1s4
recompiling module tibl1s5
recompiling module tnbh1s1
recompiling module tnbh1s2
recompiling module tnbh1s3
recompiling module tnbh1s4
recompiling module tnbh1s5
recompiling module tnbl1s1
recompiling module xnr2s1
recompiling module xnr2s2
recompiling module xnr2s3
250 of 314 modules done
recompiling module xnr3s1
recompiling module xnr3s2
recompiling module xnr3s3
recompiling module xor2s2
recompiling module xor2s3
recompiling module xor3s1
recompiling module xor3s2
recompiling module xor3s3
recompiling module and4s3
recompiling module aoai122s1
recompiling module aoai122s2
recompiling module aoai122s3
recompiling module clc2s1
recompiling module clc2s2
recompiling module clc2s3
recompiling module di2s10
recompiling module di2s11
recompiling module di2s12
recompiling module di2s7
recompiling module di2s8
recompiling module di2s9
recompiling module faddpgs1
recompiling module faddpgs2
recompiling module faddpgs3
recompiling module hadd1s1
recompiling module hadd1s2
recompiling module hadd1s3
recompiling module i1s10
recompiling module i1s11
recompiling module i1s12
recompiling module i1s8
recompiling module i1s9
recompiling module ib1s10
recompiling module ib1s11
recompiling module ib1s12
recompiling module ib1s6
recompiling module ib1s7
recompiling module ib1s8
recompiling module ib1s9
recompiling module nb1s10
recompiling module nb1s11
recompiling module nb1s12
recompiling module nb1s7
recompiling module nb1s8
recompiling module nb1s9
recompiling module nnd7s3
recompiling module nnd8s3
recompiling module nor7s3
recompiling module oai13s1
recompiling module oai13s2
300 of 314 modules done
recompiling module oai13s3
recompiling module oai22s3
recompiling module oai321s1
recompiling module oai321s2
recompiling module oai321s3
recompiling module oai33s1
recompiling module tibh1s6
recompiling module tibl1s6
recompiling module tnbh1s6
recompiling module tnbl1s2
recompiling module tnbl1s3
recompiling module tnbl1s4
recompiling module tnbl1s5
recompiling module tnbl1s6
All of 314 modules done
make[1]: Entering directory `/afs/umich.edu/user/h/e/heewoo/Desktop/eecs470/FINAL/group10w19/BP/csrc'
make[1]: Leaving directory `/afs/umich.edu/user/h/e/heewoo/Desktop/eecs470/FINAL/group10w19/BP/csrc'
make[1]: Entering directory `/afs/umich.edu/user/h/e/heewoo/Desktop/eecs470/FINAL/group10w19/BP/csrc'
rm -f _csrc*.so pre_vcsobj_*.so share_vcsobj_*.so
if [ -x ../syn_simv ]; then chmod -x ../syn_simv; fi
g++  -o ../syn_simv    -Wl,-rpath-link=./ -Wl,-rpath='$ORIGIN'/syn_simv.daidir/ -Wl,-rpath=./syn_simv.daidir/ -Wl,-rpath='$ORIGIN'/syn_simv.daidir//scsim.db.dir  -rdynamic  -Wl,-rpath=/usr/caen/vcs-2017.12-SP2-1/linux64/lib -L/usr/caen/vcs-2017.12-SP2-1/linux64/lib -lcmsg   objs/amcQw_d.o   _23308_archive_1.so objs/udps/MzHq6.o objs/udps/hUcmi.o objs/udps/aKVa7.o objs/udps/PjGxs.o objs/udps/guAtk.o objs/udps/F8ezs.o objs/udps/dKp3B.o objs/udps/GLrQJ.o  SIM_l.o       rmapats_mop.o rmapats.o rmar.o rmar_nd.o  rmar_llvm_0_1.o rmar_llvm_0_0.o          -lzerosoft_rt_stubs -lvirsim -lerrorinf -lsnpsmalloc -lvfs    -lvcsnew -lsimprofile -luclinative /usr/caen/vcs-2017.12-SP2-1/linux64/lib/vcs_tls.o   -Wl,-whole-archive -lvcsucli -Wl,-no-whole-archive          /usr/caen/vcs-2017.12-SP2-1/linux64/lib/vcs_save_restore_new.o -ldl  -lc -lm -lpthread -ldl 
../syn_simv up to date
make[1]: Leaving directory `/afs/umich.edu/user/h/e/heewoo/Desktop/eecs470/FINAL/group10w19/BP/csrc'
Chronologic VCS simulator copyright 1991-2017
Contains Synopsys proprietary information.
Compiler version N-2017.12-SP2-1_Full64; Runtime version N-2017.12-SP2-1_Full64;  Mar 19 16:07 2019
Clock:    0, reset: 0, enable: 0, pc_in: 000000000, obq_bh_pred_valid: 0, obq_gh_in: 0, clear_en: 0, prediction_valid : 0, prediction: x
Clock:    1, reset: 0, enable: 0, pc_in: 000000000, obq_bh_pred_valid: 0, obq_gh_in: 0, clear_en: 0, prediction_valid : 0, prediction: x
--------------------------------RESET----------------------------------
Clock:    0, reset: 1, enable: 0, pc_in: 000000000, obq_bh_pred_valid: 0, obq_gh_in: 0, clear_en: 0, prediction_valid : 0, prediction: x
Clock:    1, reset: 1, enable: 0, pc_in: 000000000, obq_bh_pred_valid: 0, obq_gh_in: 0, clear_en: 0, prediction_valid : 0, prediction: x
Clock:    1, reset: 1, enable: 0, pc_in: 000000000, obq_bh_pred_valid: 0, obq_gh_in: 0, clear_en: 0, prediction_valid : 0, prediction: 0
Clock:    0, reset: 0, enable: 1, pc_in: 000000000, obq_bh_pred_valid: 0, obq_gh_in: 0, clear_en: 0, prediction_valid : 0, prediction: 0
Clock:    1, reset: 0, enable: 1, pc_in: 000000000, obq_bh_pred_valid: 0, obq_gh_in: 0, clear_en: 0, prediction_valid : 0, prediction: 0
--------------------------GHT-----------------------------------
GHT : 0000 // Prediction valid : 0, Prediction : 0
----------------------------PHT-----------------------------
GHT idx           PHT
Idx 0000 : Prediction 0
Idx 0001 : Prediction 0
Idx 0010 : Prediction 0
Idx 0011 : Prediction 0
Idx 0100 : Prediction 0
Idx 0101 : Prediction 0
Idx 0110 : Prediction 0
Idx 0111 : Prediction 0
Idx 1000 : Prediction 0
Idx 1001 : Prediction 0
Idx 1010 : Prediction 0
Idx 1011 : Prediction 0
Idx 1100 : Prediction 0
Idx 1101 : Prediction 0
Idx 1110 : Prediction 0
Idx 1111 : Prediction 0
-------------------------------------------

------------------------------Functionality check for 4bit----------------------
------------------------------Update the PHT and GHT when the branch is taken------------------
Clock:    0, reset: 0, enable: 1, pc_in: 000000000, obq_bh_pred_valid: 1, obq_gh_in: a, clear_en: 1, prediction_valid : 0, prediction: 0
Clock:    1, reset: 0, enable: 1, pc_in: 000000000, obq_bh_pred_valid: 1, obq_gh_in: a, clear_en: 1, prediction_valid : 0, prediction: 0

 GHT is updated to 1010, PHT[1010] is updated to be taken
--------------------------GHT-----------------------------------
GHT : 1010 // Prediction valid : 0, Prediction : 0
----------------------------PHT-----------------------------
GHT idx           PHT
Idx 0000 : Prediction 0
Idx 0001 : Prediction 0
Idx 0010 : Prediction 0
Idx 0011 : Prediction 0
Idx 0100 : Prediction 0
Idx 0101 : Prediction 0
Idx 0110 : Prediction 0
Idx 0111 : Prediction 0
Idx 1000 : Prediction 0
Idx 1001 : Prediction 0
Idx 1010 : Prediction 1
Idx 1011 : Prediction 0
Idx 1100 : Prediction 0
Idx 1101 : Prediction 0
Idx 1110 : Prediction 0
Idx 1111 : Prediction 0
-------------------------------------------

Clock:    0, reset: 0, enable: 1, pc_in: 000000000, obq_bh_pred_valid: 1, obq_gh_in: 6, clear_en: 1, prediction_valid : 0, prediction: 0
Clock:    1, reset: 0, enable: 1, pc_in: 000000000, obq_bh_pred_valid: 1, obq_gh_in: 6, clear_en: 1, prediction_valid : 0, prediction: 0

 GHT is updated to 0110, PHT[0110] is updated to be taken
--------------------------GHT-----------------------------------
GHT : 0110 // Prediction valid : 0, Prediction : 0
----------------------------PHT-----------------------------
GHT idx           PHT
Idx 0000 : Prediction 0
Idx 0001 : Prediction 0
Idx 0010 : Prediction 0
Idx 0011 : Prediction 0
Idx 0100 : Prediction 0
Idx 0101 : Prediction 0
Idx 0110 : Prediction 1
Idx 0111 : Prediction 0
Idx 1000 : Prediction 0
Idx 1001 : Prediction 0
Idx 1010 : Prediction 1
Idx 1011 : Prediction 0
Idx 1100 : Prediction 0
Idx 1101 : Prediction 0
Idx 1110 : Prediction 0
Idx 1111 : Prediction 0
-------------------------------------------

Clock:    0, reset: 0, enable: 1, pc_in: 000000000, obq_bh_pred_valid: 1, obq_gh_in: f, clear_en: 1, prediction_valid : 0, prediction: 0
Clock:    1, reset: 0, enable: 1, pc_in: 000000000, obq_bh_pred_valid: 1, obq_gh_in: f, clear_en: 1, prediction_valid : 0, prediction: 0

 GHT is updated to 1111, PHT[1111] is updated to be taken
--------------------------GHT-----------------------------------
GHT : 1111 // Prediction valid : 0, Prediction : 0
----------------------------PHT-----------------------------
GHT idx           PHT
Idx 0000 : Prediction 0
Idx 0001 : Prediction 0
Idx 0010 : Prediction 0
Idx 0011 : Prediction 0
Idx 0100 : Prediction 0
Idx 0101 : Prediction 0
Idx 0110 : Prediction 1
Idx 0111 : Prediction 0
Idx 1000 : Prediction 0
Idx 1001 : Prediction 0
Idx 1010 : Prediction 1
Idx 1011 : Prediction 0
Idx 1100 : Prediction 0
Idx 1101 : Prediction 0
Idx 1110 : Prediction 0
Idx 1111 : Prediction 1
-------------------------------------------

Clock:    0, reset: 0, enable: 1, pc_in: 000000000, obq_bh_pred_valid: 1, obq_gh_in: 1, clear_en: 1, prediction_valid : 0, prediction: 0
Clock:    1, reset: 0, enable: 1, pc_in: 000000000, obq_bh_pred_valid: 1, obq_gh_in: 1, clear_en: 1, prediction_valid : 0, prediction: 0

 GHT is updated to 0001, PHT[0001] is updated to be taken
--------------------------GHT-----------------------------------
GHT : 0001 // Prediction valid : 0, Prediction : 0
----------------------------PHT-----------------------------
GHT idx           PHT
Idx 0000 : Prediction 0
Idx 0001 : Prediction 1
Idx 0010 : Prediction 0
Idx 0011 : Prediction 0
Idx 0100 : Prediction 0
Idx 0101 : Prediction 0
Idx 0110 : Prediction 1
Idx 0111 : Prediction 0
Idx 1000 : Prediction 0
Idx 1001 : Prediction 0
Idx 1010 : Prediction 1
Idx 1011 : Prediction 0
Idx 1100 : Prediction 0
Idx 1101 : Prediction 0
Idx 1110 : Prediction 0
Idx 1111 : Prediction 1
-------------------------------------------

Clock:    0, reset: 0, enable: 1, pc_in: 000000000, obq_bh_pred_valid: 1, obq_gh_in: 0, clear_en: 1, prediction_valid : 0, prediction: 0
Clock:    1, reset: 0, enable: 1, pc_in: 000000000, obq_bh_pred_valid: 1, obq_gh_in: 0, clear_en: 1, prediction_valid : 0, prediction: 0

 GHT is updated to 0000, PHT[0000] is updated to be taken
--------------------------GHT-----------------------------------
GHT : 0000 // Prediction valid : 0, Prediction : 0
----------------------------PHT-----------------------------
GHT idx           PHT
Idx 0000 : Prediction 1
Idx 0001 : Prediction 1
Idx 0010 : Prediction 0
Idx 0011 : Prediction 0
Idx 0100 : Prediction 0
Idx 0101 : Prediction 0
Idx 0110 : Prediction 1
Idx 0111 : Prediction 0
Idx 1000 : Prediction 0
Idx 1001 : Prediction 0
Idx 1010 : Prediction 1
Idx 1011 : Prediction 0
Idx 1100 : Prediction 0
Idx 1101 : Prediction 0
Idx 1110 : Prediction 0
Idx 1111 : Prediction 1
-------------------------------------------

Clock:    0, reset: 0, enable: 1, pc_in: 000000000, obq_bh_pred_valid: 1, obq_gh_in: 6, clear_en: 1, prediction_valid : 0, prediction: 0
Clock:    1, reset: 0, enable: 1, pc_in: 000000000, obq_bh_pred_valid: 1, obq_gh_in: 6, clear_en: 1, prediction_valid : 0, prediction: 0

 GHT is updated to 0110, PHT[0110] is updated to be not taken
--------------------------GHT-----------------------------------
GHT : 0110 // Prediction valid : 0, Prediction : 0
----------------------------PHT-----------------------------
GHT idx           PHT
Idx 0000 : Prediction 1
Idx 0001 : Prediction 1
Idx 0010 : Prediction 0
Idx 0011 : Prediction 0
Idx 0100 : Prediction 0
Idx 0101 : Prediction 0
Idx 0110 : Prediction 0
Idx 0111 : Prediction 0
Idx 1000 : Prediction 0
Idx 1001 : Prediction 0
Idx 1010 : Prediction 1
Idx 1011 : Prediction 0
Idx 1100 : Prediction 0
Idx 1101 : Prediction 0
Idx 1110 : Prediction 0
Idx 1111 : Prediction 1
-------------------------------------------

------------------------------Prediction based on PHT------------------
Clock:    0, reset: 0, enable: 1, pc_in: 000000000, obq_bh_pred_valid: 0, obq_gh_in: 6, clear_en: 0, prediction_valid : 1, prediction: 0
Clock:    1, reset: 0, enable: 1, pc_in: 000000000, obq_bh_pred_valid: 0, obq_gh_in: 6, clear_en: 0, prediction_valid : 1, prediction: 0

 prediction = PHT[0110] = not taken, GHT is updated to 1100, PHT[0110] should remain to be not taken
--------------------------GHT-----------------------------------
GHT : 1100 // Prediction valid : 1, Prediction : 0
----------------------------PHT-----------------------------
GHT idx           PHT
Idx 0000 : Prediction 1
Idx 0001 : Prediction 1
Idx 0010 : Prediction 0
Idx 0011 : Prediction 0
Idx 0100 : Prediction 0
Idx 0101 : Prediction 0
Idx 0110 : Prediction 0
Idx 0111 : Prediction 0
Idx 1000 : Prediction 0
Idx 1001 : Prediction 0
Idx 1010 : Prediction 1
Idx 1011 : Prediction 0
Idx 1100 : Prediction 0
Idx 1101 : Prediction 0
Idx 1110 : Prediction 0
Idx 1111 : Prediction 1
-------------------------------------------

Clock:    0, reset: 0, enable: 1, pc_in: 000000030, obq_bh_pred_valid: 0, obq_gh_in: 6, clear_en: 0, prediction_valid : 1, prediction: 0
Clock:    1, reset: 0, enable: 1, pc_in: 000000030, obq_bh_pred_valid: 0, obq_gh_in: 6, clear_en: 0, prediction_valid : 1, prediction: 0
Clock:    1, reset: 0, enable: 1, pc_in: 000000030, obq_bh_pred_valid: 0, obq_gh_in: 6, clear_en: 0, prediction_valid : 1, prediction: 1

 prediction = PHT[0000] = taken, GHT is updated to 1001,  PHT[0110] should remain to be not taken
--------------------------GHT-----------------------------------
GHT : 1001 // Prediction valid : 1, Prediction : 1
----------------------------PHT-----------------------------
GHT idx           PHT
Idx 0000 : Prediction 1
Idx 0001 : Prediction 1
Idx 0010 : Prediction 0
Idx 0011 : Prediction 0
Idx 0100 : Prediction 0
Idx 0101 : Prediction 0
Idx 0110 : Prediction 0
Idx 0111 : Prediction 0
Idx 1000 : Prediction 0
Idx 1001 : Prediction 0
Idx 1010 : Prediction 1
Idx 1011 : Prediction 0
Idx 1100 : Prediction 0
Idx 1101 : Prediction 0
Idx 1110 : Prediction 0
Idx 1111 : Prediction 1
-------------------------------------------

------------------------------Do not predict when there is roll back------------------
Clock:    0, reset: 0, enable: 1, pc_in: 000000000, obq_bh_pred_valid: 1, obq_gh_in: e, clear_en: 1, prediction_valid : 0, prediction: 1
Clock:    1, reset: 0, enable: 1, pc_in: 000000000, obq_bh_pred_valid: 1, obq_gh_in: e, clear_en: 1, prediction_valid : 0, prediction: 1

 prediction not valid, GHT is updated to 1110,  PHT[1110] should be taken
--------------------------GHT-----------------------------------
GHT : 1110 // Prediction valid : 0, Prediction : 1
----------------------------PHT-----------------------------
GHT idx           PHT
Idx 0000 : Prediction 1
Idx 0001 : Prediction 1
Idx 0010 : Prediction 0
Idx 0011 : Prediction 0
Idx 0100 : Prediction 0
Idx 0101 : Prediction 0
Idx 0110 : Prediction 0
Idx 0111 : Prediction 0
Idx 1000 : Prediction 0
Idx 1001 : Prediction 0
Idx 1010 : Prediction 1
Idx 1011 : Prediction 0
Idx 1100 : Prediction 0
Idx 1101 : Prediction 0
Idx 1110 : Prediction 1
Idx 1111 : Prediction 1
-------------------------------------------

--------------------------------RESET----------------------------------
Clock:    0, reset: 1, enable: 1, pc_in: 000000000, obq_bh_pred_valid: 1, obq_gh_in: e, clear_en: 1, prediction_valid : 0, prediction: 1
Clock:    1, reset: 1, enable: 1, pc_in: 000000000, obq_bh_pred_valid: 1, obq_gh_in: e, clear_en: 1, prediction_valid : 0, prediction: 1
Clock:    1, reset: 1, enable: 1, pc_in: 000000000, obq_bh_pred_valid: 1, obq_gh_in: e, clear_en: 1, prediction_valid : 0, prediction: 0
@@@passed
$finish called from file "gshare_test.v", line 309.
$finish at simulation time                  260
           V C S   S i m u l a t i o n   R e p o r t 
Time: 260
CPU Time:      0.220 seconds;       Data structure size:   0.1Mb
Tue Mar 19 16:07:21 2019
CPU time: 1.105 seconds to compile + .326 seconds to elab + .240 seconds to link + .239 seconds in simulation
