
                           Design Compiler Graphical 
                                 DC Ultra (TM)
                                  DFTMAX (TM)
                              Power Compiler (TM)
                                 DesignWare (R)
                                 DC Expert (TM)
                               Design Vision (TM)
                               HDL Compiler (TM)
                               VHDL Compiler (TM)
                                  DFT Compiler
                               Design Compiler(R)

                 Version O-2018.06 for linux64 - May 21, 2018 

                    Copyright (c) 1988 - 2018 Synopsys, Inc.
   This software and the associated documentation are proprietary to Synopsys,
 Inc. This software may only be used in accordance with the terms and conditions
 of a written license agreement with Synopsys, Inc. All other use, reproduction,
            or distribution of this software is strictly prohibited.
Initializing...
#
# Written by : DC-Transcript, Version X-2005.09-SP2 -- Jan 03, 2006
# Date       : Tue Aug 29 17:09:34 2006
#
#
# Translation of script: tut_synth.scr
#
#/***********************************************************/
#/*   FILE        : tut_synth.scr                           */
#/*   Description : Default Synopsys Design Compiler Script */
#/*   Usage       : dc_shell -f tut_synth.scr               */
#/*   You'll need to minimally set design_name & read files */
#/***********************************************************/
set SYN_DIR ./
./
set search_path [ list "./" "/afs/umich.edu/class/eecs470/lib/synopsys" ]
./ /afs/umich.edu/class/eecs470/lib/synopsys
set target_library "lec25dscc25_TT.db"
lec25dscc25_TT.db
set link_library [concat  "*" $target_library]
* lec25dscc25_TT.db
#/***********************************************************/
#/* Set some flags to suppress warnings we don't care about */
set suppress_errors [concat $suppress_errors "UID-401"]
UID-401
suppress_message {"VER-130"}
#/***********************************************************/
#/* The following four lines must be updated for every      */
#/* new design                                              */
#/***********************************************************/
read_file -f sverilog [list "gshare.v"]
Loading db file '/afs/umich.edu/class/eecs470/lib/synopsys/lec25dscc25_TT.db'
Loading db file '/usr/caen/synopsys-synth-2018.06/libraries/syn/gtech.db'
Loading db file '/usr/caen/synopsys-synth-2018.06/libraries/syn/standard.sldb'
  Loading link library 'lec25dscc25_TT'
  Loading link library 'gtech'
Loading sverilog file '/afs/umich.edu/user/h/e/heewoo/Desktop/eecs470/FINAL/group10w19/BP/gshare.v'
Detecting input file type automatically (-rtl or -netlist).
Reading with Presto HDL Compiler (equivalent to -rtl option).
Running PRESTO HDLC
Compiling source file /afs/umich.edu/user/h/e/heewoo/Desktop/eecs470/FINAL/group10w19/BP/gshare.v

Inferred memory devices in process
	in routine GSHARE line 87 in file
		'/afs/umich.edu/user/h/e/heewoo/Desktop/eecs470/FINAL/group10w19/BP/gshare.v'.
===============================================================================
|    Register Name    |   Type    | Width | Bus | MB | AR | AS | SR | SS | ST |
===============================================================================
|   prediction_reg    | Flip-flop |   1   |  N  | N  | N  | N  | N  | N  | N  |
|       pht_reg       | Flip-flop |  16   |  Y  | N  | N  | N  | N  | N  | N  |
|       ght_reg       | Flip-flop |   4   |  Y  | N  | N  | N  | N  | N  | N  |
===============================================================================
Statistics for MUX_OPs
======================================================
| block name/line  | Inputs | Outputs | # sel inputs |
======================================================
|    GSHARE/62     |   16   |    1    |      4       |
|    GSHARE/75     |   16   |    1    |      4       |
======================================================
Presto compilation completed successfully.
Current design is now '/afs/umich.edu/user/h/e/heewoo/Desktop/eecs470/FINAL/group10w19/BP/GSHARE.db:GSHARE'
Loaded 1 design.
Current design is 'GSHARE'.
GSHARE
set design_name GSHARE
GSHARE
#set reset_name reset
set clock_name clock
clock
set CLK_PERIOD 10
10
#/***********************************************************/
#/* The rest of this file may be left alone for most small  */
#/* to moderate sized designs.  You may need to alter it    */
#/* when synthesizing your final project.                   */
#/***********************************************************/
#/***********************************************************/
#/* Set some flags for optimisation */
set compile_top_all_paths "true"
true
set auto_wire_load_selection "false"
false
#/***********************************************************/
#/*  Clk Periods/uncertainty/transition                     */
set CLK_TRANSITION 0.1
0.1
set CLK_UNCERTAINTY 0.1
0.1
set CLK_LATENCY 0.1
0.1
#/* Input/output Delay values */
set AVG_INPUT_DELAY 0.1
0.1
set AVG_OUTPUT_DELAY 0.1
0.1
#/* Critical Range (ns) */
set CRIT_RANGE 1.0
1.0
#/***********************************************************/
#/* Design Constrains: Not all used                         */
set MAX_TRANSITION 1.0
1.0
set FAST_TRANSITION 0.1
0.1
set MAX_FANOUT 32
32
set MID_FANOUT 8
8
set LOW_FANOUT 1
1
set HIGH_DRIVE 0
0
set HIGH_LOAD 1.0
1.0
set AVG_LOAD 0.1
0.1
set AVG_FANOUT_LOAD 10
10
#/***********************************************************/
#/*BASIC_INPUT = cb18os120_tsmc_max/nd02d1/A1
#BASIC_OUTPUT = cb18os120_tsmc_max/nd02d1/ZN*/
set DRIVING_CELL dffacs1
dffacs1
#/* DONT_USE_LIST = {   } */
#/*************operation cons**************/
#/*OP_WCASE = WCCOM;
#OP_BCASE = BCCOM;*/
set WIRE_LOAD "tsmcwire"
tsmcwire
set LOGICLIB lec25dscc25_TT
lec25dscc25_TT
#/*****************************/
#/* Sourcing the file that sets the Search path and the libraries(target,link) */
set sys_clk $clock_name
clock
set netlist_file [format "%s%s"  [format "%s%s"  $SYN_DIR $design_name] ".vg"]
./GSHARE.vg
set db_file [format "%s%s"  [format "%s%s"  $SYN_DIR $design_name] ".db"]
./GSHARE.db
set rep_file [format "%s%s"  [format "%s%s"  $SYN_DIR $design_name] ".rep"]
./GSHARE.rep
set dc_shell_status [ set chk_file [format "%s%s"  [format "%s%s"  $SYN_DIR $design_name] ".chk"] ]
./GSHARE.chk
#/* if we didnt find errors at this point, run */
if {  $dc_shell_status != [list] } {
   current_design $design_name
  link
  set_wire_load_model -name $WIRE_LOAD -lib $LOGICLIB $design_name
  set_wire_load_mode top
  set_fix_multiple_port_nets -outputs -buffer_constants
  create_clock -period $CLK_PERIOD -name $sys_clk [find port $sys_clk]
  set_clock_uncertainty $CLK_UNCERTAINTY $sys_clk
  set_fix_hold $sys_clk
  group_path -from [all_inputs] -name input_grp
  group_path -to [all_outputs] -name output_grp
  set_driving_cell  -lib_cell $DRIVING_CELL [all_inputs]
  remove_driving_cell [find port $sys_clk]
  set_fanout_load $AVG_FANOUT_LOAD [all_outputs]
  set_load $AVG_LOAD [all_outputs]
  set_input_delay $AVG_INPUT_DELAY -clock $sys_clk [all_inputs]
  remove_input_delay -clock $sys_clk [find port $sys_clk]
  set_output_delay $AVG_OUTPUT_DELAY -clock $sys_clk [all_outputs]
  set_dont_touch reset_name
  set_resistance 0 reset_name
  set_drive 0 reset_name
  set_critical_range $CRIT_RANGE [current_design]
  set_max_delay $CLK_PERIOD [all_outputs]
  set MAX_FANOUT $MAX_FANOUT
  set MAX_TRANSITION $MAX_TRANSITION
  uniquify
  redirect $chk_file { check_design }
  compile -map_effort medium
  write -hier -format verilog -output $netlist_file $design_name
  write -hier -format db -output $db_file $design_name
  redirect $rep_file { report_design -nosplit }
  redirect -append $rep_file { report_area }
  redirect -append $rep_file { report_timing -max_paths 2 -input_pins -nets -transition_time -nosplit }
  redirect -append $rep_file { report_constraint -all_violators -verbose -nosplit }
  remove_design -all
  read_file -format verilog $netlist_file
  current_design $design_name
  redirect -append $rep_file { report_reference -nosplit }
  quit
} else {
   quit
}
Current design is 'GSHARE'.

  Linking design 'GSHARE'
  Using the following designs and libraries:
  --------------------------------------------------------------------------
  GSHARE                      /afs/umich.edu/user/h/e/heewoo/Desktop/eecs470/FINAL/group10w19/BP/GSHARE.db
  lec25dscc25_TT (library)    /afs/umich.edu/class/eecs470/lib/synopsys/lec25dscc25_TT.db

Warning: Can't find object 'reset_name' in design 'GSHARE'. (UID-95)
Error: Value for list 'object_list' must have 1 elements. (CMD-036)
Warning: Can't find net 'reset_name' in design 'GSHARE'. (UID-95)
Error: Value for list 'net_list' must have 1 elements. (CMD-036)
Warning: Can't find port 'reset_name' in design 'GSHARE'. (UID-95)
Error: Value for list 'port_list' must have 1 elements. (CMD-036)
Current design is 'GSHARE'.
Information: Evaluating DesignWare library utilization. (UISN-27)

============================================================================
| DesignWare Building Block Library  |         Version         | Available |
============================================================================
| Basic DW Building Blocks           | O-2018.06-DWBB_201806.0 |     *     |
| Licensed DW Building Blocks        |                         |           |
============================================================================


Information: There are 29 potential problems in your design. Please run 'check_design' for more information. (LINT-99)



  Beginning Pass 1 Mapping
  ------------------------
  Processing 'GSHARE'

  Updating timing information
Information: Updating design information... (UID-85)

  Beginning Implementation Selection
  ----------------------------------

  Beginning Mapping Optimizations  (Medium effort)
  -------------------------------
  Mapping Optimization (Phase 1)

                                  TOTAL                                                  
   ELAPSED            WORST NEG   SETUP    DESIGN                              MIN DELAY 
    TIME      AREA      SLACK     COST    RULE COST         ENDPOINT             COST    
  --------- --------- --------- --------- --------- ------------------------- -----------
    0:00:01   11310.6      0.00       0.0       0.0                                0.00  
    0:00:01   11310.6      0.00       0.0       0.0                                0.00  
    0:00:01   11310.6      0.00       0.0       0.0                                0.00  
    0:00:01   11310.6      0.00       0.0       0.0                                0.00  
    0:00:01   11310.6      0.00       0.0       0.0                                0.00  
    0:00:01    9754.2      0.00       0.0       0.0                                0.00  
    0:00:01    9754.2      0.00       0.0       0.0                                0.00  
    0:00:01    9754.2      0.00       0.0       0.0                                0.00  
    0:00:01    9754.2      0.00       0.0       0.0                                0.00  
    0:00:01    9754.2      0.00       0.0       0.0                                0.00  
    0:00:01    9754.2      0.00       0.0       0.0                                0.00  
    0:00:01    9754.2      0.00       0.0       0.0                                0.00  
    0:00:01    9754.2      0.00       0.0       0.0                                0.00  



  Beginning Delay Optimization Phase
  ----------------------------------

                                  TOTAL                                                  
   ELAPSED            WORST NEG   SETUP    DESIGN                              MIN DELAY 
    TIME      AREA      SLACK     COST    RULE COST         ENDPOINT             COST    
  --------- --------- --------- --------- --------- ------------------------- -----------
    0:00:01    9754.2      0.00       0.0       0.0                                0.00  
    0:00:01    9754.2      0.00       0.0       0.0                                0.00  
    0:00:01    9422.4      0.00       0.0       4.7                                0.00  


  Beginning Design Rule Fixing  (max_transition)
  ----------------------------

                                  TOTAL                                                  
   ELAPSED            WORST NEG   SETUP    DESIGN                              MIN DELAY 
    TIME      AREA      SLACK     COST    RULE COST         ENDPOINT             COST    
  --------- --------- --------- --------- --------- ------------------------- -----------
    0:00:01    9422.4      0.00       0.0       4.7                                0.00  
    0:00:01    9754.2      0.00       0.0       0.0                                0.00  


  Beginning Critical Range Optimization
  -------------------------------------

                                  TOTAL                                                  
   ELAPSED            WORST NEG   SETUP    DESIGN                              MIN DELAY 
    TIME      AREA      SLACK     COST    RULE COST         ENDPOINT             COST    
  --------- --------- --------- --------- --------- ------------------------- -----------
    0:00:01    9754.2      0.00       0.0       0.0                                0.00  


  Beginning Area-Recovery Phase  (cleanup)
  -----------------------------

                                  TOTAL                                                  
   ELAPSED            WORST NEG   SETUP    DESIGN                              MIN DELAY 
    TIME      AREA      SLACK     COST    RULE COST         ENDPOINT             COST    
  --------- --------- --------- --------- --------- ------------------------- -----------
    0:00:01    9754.2      0.00       0.0       0.0                                0.00  
    0:00:01    9754.2      0.00       0.0       0.0                                0.00  
    0:00:01    9654.7      0.00       0.0       0.0                                0.00  
    0:00:01    9654.7      0.00       0.0       0.0                                0.00  
    0:00:01    9654.7      0.00       0.0       0.0                                0.00  
    0:00:01    9654.7      0.00       0.0       0.0                                0.00  
    0:00:01    9654.7      0.00       0.0       0.0                                0.00  
    0:00:01    9654.7      0.00       0.0       0.0                                0.00  
    0:00:01    9654.7      0.00       0.0       0.0                                0.00  
    0:00:01    9654.7      0.00       0.0       0.0                                0.00  
    0:00:01    9654.7      0.00       0.0       0.0                                0.00  
    0:00:01    9654.7      0.00       0.0       0.0                                0.00  


  Beginning Critical Range Optimization
  -------------------------------------

                                  TOTAL                                                  
   ELAPSED            WORST NEG   SETUP    DESIGN                              MIN DELAY 
    TIME      AREA      SLACK     COST    RULE COST         ENDPOINT             COST    
  --------- --------- --------- --------- --------- ------------------------- -----------
    0:00:01    9654.7      0.00       0.0       0.0                                0.00  
    0:00:01    9654.7      0.00       0.0       0.0                                0.00  
Loading db file '/afs/umich.edu/class/eecs470/lib/synopsys/lec25dscc25_TT.db'


Note: Symbol # after min delay cost means estimated hold TNS across all active scenarios 


  Optimization Complete
  ---------------------
Writing verilog file '/afs/umich.edu/user/h/e/heewoo/Desktop/eecs470/FINAL/group10w19/BP/GSHARE.vg'.
Warning: Verilog 'assign' or 'tran' statements are written out. (VO-4)
Error: Writing designs in DB format is no longer supported. (UID-530)
Removing design 'GSHARE'
Removing library 'lec25dscc25_TT'
Removing library 'gtech'
Removing library 'standard.sldb'
Loading db file '/afs/umich.edu/class/eecs470/lib/synopsys/lec25dscc25_TT.db'
Loading db file '/usr/caen/synopsys-synth-2018.06/libraries/syn/gtech.db'
Loading db file '/usr/caen/synopsys-synth-2018.06/libraries/syn/standard.sldb'
  Loading link library 'lec25dscc25_TT'
  Loading link library 'gtech'
Loading verilog file '/afs/umich.edu/user/h/e/heewoo/Desktop/eecs470/FINAL/group10w19/BP/GSHARE.vg'
Detecting input file type automatically (-rtl or -netlist).
Running DC verilog reader
Performing 'read' command.
Compiling source file /afs/umich.edu/user/h/e/heewoo/Desktop/eecs470/FINAL/group10w19/BP/GSHARE.vg
Reading with netlist reader (equivalent to -netlist option).
Verilog netlist reader completed successfully.
Current design is now '/afs/umich.edu/user/h/e/heewoo/Desktop/eecs470/FINAL/group10w19/BP/GSHARE.db:GSHARE'
Loaded 1 design.
Current design is 'GSHARE'.
Current design is 'GSHARE'.

Thank you...
