# Preference setting overrides
gui_create_pref_key -category {Globals} -key {load_detail_for_funcov} -value_type {bool} -value {false}
gui_set_pref_value -category {Source} -key {value_annotate} -value {true}
gui_create_pref_category -category {schem_obj_name}
gui_create_pref_key -category {schem_obj_name} -key {show_cell_and_pin_with_symbol_name} -value_type {bool} -value {false}
gui_create_pref_key -category {schem_pin_hc} -key {textExtFont} -value_type {string} -value {Helvetica,10,-1,5,50,0,0,0,0,0}

# State setting overrides
gui_state_default_create -off -ini
gui_set_state_value -category Globals -key recent_databases -value {{gui_open_db -file /home/heewoo/Desktop/verilog/lab1/inter.vpd -design V1}}
gui_set_state_value -category Globals -key recent_sessions -value {{gui_load_session -ignore_errors -file /home/heewoo/Desktop/eecs470/project3/decoder_session.inter.vpd.tcl -ignore_errors} {gui_load_session -ignore_errors -file /home/heewoo/Desktop/eecs470/project3/decoder_session.inter.vpd.tcl} {gui_load_session -ignore_errors -file /home/heewoo/Desktop/eecs470/lab1/view01.tcl} {gui_load_session -ignore_errors -file /home/heewoo/Desktop/verilog/lab1/vuew01.tcl -ignore_errors} {gui_load_session -ignore_errors -file /home/heewoo/Desktop/verilog/lab1/vuew01.tcl}}
gui_set_state_value -category Layout -key child_console_size_x -value 1897
gui_set_state_value -category Layout -key child_console_size_y -value 159
gui_set_state_value -category Layout -key child_data_coltype -value 53
gui_set_state_value -category Layout -key child_data_colvalue -value 109
gui_set_state_value -category Layout -key child_data_colvariable -value 228
gui_set_state_value -category Layout -key child_data_size_x -value 382
gui_set_state_value -category Layout -key child_data_size_y -value 726
gui_set_state_value -category Layout -key child_driver_size_x -value 2287
gui_set_state_value -category Layout -key child_driver_size_y -value 179
gui_set_state_value -category Layout -key child_hier_col3 -value {-1}
gui_set_state_value -category Layout -key child_hier_colhier -value 184
gui_set_state_value -category Layout -key child_hier_colpd -value 0
gui_set_state_value -category Layout -key child_hier_size_x -value 287
gui_set_state_value -category Layout -key child_hier_size_y -value 726
gui_set_state_value -category Layout -key child_schematic_docknewline -value false
gui_set_state_value -category Layout -key child_schematic_pos_x -value {-2}
gui_set_state_value -category Layout -key child_schematic_pos_y -value {-15}
gui_set_state_value -category Layout -key child_schematic_size_x -value 2222
gui_set_state_value -category Layout -key child_schematic_size_y -value 1081
gui_set_state_value -category Layout -key child_source_docknewline -value false
gui_set_state_value -category Layout -key child_source_pos_x -value {-2}
gui_set_state_value -category Layout -key child_source_pos_y -value {-15}
gui_set_state_value -category Layout -key child_source_size_x -value 1231
gui_set_state_value -category Layout -key child_source_size_y -value 721
gui_set_state_value -category Layout -key child_wave_colname -value 498
gui_set_state_value -category Layout -key child_wave_colvalue -value 497
gui_set_state_value -category Layout -key child_wave_left -value 999
gui_set_state_value -category Layout -key child_wave_right -value 2435
gui_set_state_value -category Layout -key main_pos_x -value 361
gui_set_state_value -category Layout -key main_pos_y -value 250
gui_set_state_value -category Layout -key main_size_x -value 2258
gui_set_state_value -category Layout -key main_size_y -value 1234
gui_set_state_value -category Layout -key stand_wave_child_docknewline -value false
gui_set_state_value -category Layout -key stand_wave_child_pos_x -value {-2}
gui_set_state_value -category Layout -key stand_wave_child_pos_y -value {-15}
gui_set_state_value -category Layout -key stand_wave_child_size_x -value 3444
gui_set_state_value -category Layout -key stand_wave_child_size_y -value 1260
gui_set_state_value -category Layout -key stand_wave_top_pos_x -value 834
gui_set_state_value -category Layout -key stand_wave_top_pos_y -value 172
gui_set_state_value -category Layout -key stand_wave_top_size_x -value 4273
gui_set_state_value -category Layout -key stand_wave_top_size_y -value 1512
gui_create_state_key -category FindDialog -key m_pMatchCase -value_type bool -value false
gui_create_state_key -category FindDialog -key m_pMatchWord -value_type bool -value false
gui_create_state_key -category FindDialog -key m_pUseCombo -value_type string -value {}
gui_create_state_key -category FindDialog -key m_pWrapAround -value_type bool -value true
gui_create_state_key -category Widget_History -key {dlgSimSetup|m_setupTab|tab pages|SimTab|m_VPDCombo} -value_type string -value inter.vpd
gui_create_state_key -category Widget_History -key {dlgSimSetup|m_setupTab|tab pages|SimTab|m_argsCombo} -value_type string -value {{-ucligui }}
gui_create_state_key -category Widget_History -key {dlgSimSetup|m_setupTab|tab pages|SimTab|m_curDirCombo} -value_type string -value /home/heewoo/Desktop/verilog/lab1
gui_create_state_key -category Widget_History -key {dlgSimSetup|m_setupTab|tab pages|SimTab|m_exeCombo} -value_type string -value /home/heewoo/Desktop/verilog/lab1/dve
gui_create_state_key -category SearchDialog -key MatchCase -value_type bool -value false
gui_create_state_key -category SearchDialog -key MatchWord -value_type bool -value true
gui_create_state_key -category SearchDialog -key SearchMode -value_type string -value Wildcards
gui_create_state_key -category SearchDialog -key UseCombo -value_type bool -value true
gui_state_default_create -off

# Begin command logging
gui_sim_run Ucli -exe dve -args {-ucligui  +v2k +vc +memcbk} -dir .
gui_list_select -id Data.1 -selected  { testbench.clock   }
gui_list_select -id Data.1 -selected  { testbench.clock  testbench.reset  testbench.enable   }
gui_open_window Wave
gui_list_add -id Wave.1 -from Data.1 { testbench.clock testbench.reset testbench.enable } -insertionbar
gui_wv_zoom_timerange -id  Wave.1 0 719
gui_wv_zoom_timerange -id  Wave.1 0 718
gui_wv_zoom_timerange -id  Wave.1 0 709
gui_wv_zoom_timerange -id  Wave.1 0 660
gui_wv_zoom_timerange -id  Wave.1 0 644
gui_wv_zoom_timerange -id  Wave.1 0 642
gui_wv_zoom_timerange -id  Wave.1 0 633
gui_wv_zoom_timerange -id  Wave.1 0 626
gui_wv_zoom_timerange -id  Wave.1 0 616
gui_wv_zoom_timerange -id  Wave.1 0 604
gui_wv_zoom_timerange -id  Wave.1 0 587
gui_wv_zoom_timerange -id  Wave.1 0 579
gui_wv_zoom_timerange -id  Wave.1 0 558
gui_list_expand -id  Hier.1   testbench
gui_list_expand -id  Hier.1   testbench.RS0
gui_list_select -id Hier.1 -current_item_name testbench.RS0.ps_alu -current_item_type Scope  -selected  { testbench.RS0.ps_alu   }
gui_list_select -id Hier.1 -current_item_name testbench.RS0.ps_st -current_item_type Scope  -selected  { testbench.RS0.ps_alu  testbench.RS0.ps_br  testbench.RS0.ps_dispatch  testbench.RS0.ps_ld  testbench.RS0.ps_mult  testbench.RS0.ps_st   }
gui_list_add -id Wave.1 -from Hier.1 { testbench.RS0.ps_alu testbench.RS0.ps_br testbench.RS0.ps_dispatch testbench.RS0.ps_ld testbench.RS0.ps_mult testbench.RS0.ps_st } -insertionbar
gui_marker_move -id  Wave.1 C1 113
gui_list_select -id Wave.1 -selected  { Group1|ps_st   }
gui_list_select -id Wave.1 { {testbench.RS0.ps_st.req_up_bottom[3:0]}  {testbench.RS0.ps_st.ps_top_result[3:0]}  testbench.RS0.ps_st.enable  testbench.RS0.ps_st.req_up  {testbench.RS0.ps_st.gnt[15:0]}  {testbench.RS0.ps_st.index[15:0]}  Group1|ps_mult  testbench.RS0.ps_mult.enable  {testbench.RS0.ps_mult.index[15:0]}  {testbench.RS0.ps_mult.gnt[15:0]}  testbench.RS0.ps_mult.req_up  {testbench.RS0.ps_mult.req_up_bottom[3:0]}  {testbench.RS0.ps_mult.ps_top_result[3:0]}  {testbench.RS0.ps_mult.$unit}  Group1|ps_ld  testbench.RS0.ps_ld.enable  {testbench.RS0.ps_ld.index[15:0]}  {testbench.RS0.ps_ld.gnt[15:0]}  testbench.RS0.ps_ld.req_up  {testbench.RS0.ps_ld.req_up_bottom[3:0]}  {testbench.RS0.ps_ld.ps_top_result[3:0]}  {testbench.RS0.ps_ld.$unit}  Group1|ps_dispatch  testbench.RS0.ps_dispatch.enable  {testbench.RS0.ps_dispatch.index[15:0]}  {testbench.RS0.ps_dispatch.gnt[15:0]}  testbench.RS0.ps_dispatch.req_up  {testbench.RS0.ps_dispatch.req_up_bottom[3:0]}  {testbench.RS0.ps_dispatch.ps_top_result[3:0]}  {testbench.RS0.ps_dispatch.$unit}  Group1|ps_br  testbench.RS0.ps_br.enable  {testbench.RS0.ps_br.index[15:0]}  {testbench.RS0.ps_br.gnt[15:0]}  testbench.RS0.ps_br.req_up  {testbench.RS0.ps_br.req_up_bottom[3:0]}  {testbench.RS0.ps_br.ps_top_result[3:0]}  {testbench.RS0.ps_br.$unit}  Group1|ps_alu  {testbench.RS0.ps_alu.req_up_bottom[3:0]}  {testbench.RS0.ps_alu.ps_top_result[3:0]}  testbench.RS0.ps_alu.enable  testbench.RS0.ps_alu.req_up  {testbench.RS0.ps_alu.gnt[15:0]}  {testbench.RS0.ps_alu.index[15:0]}   }
gui_delete_selected -id  Wave.1
gui_list_select -id Hier.1 -current_item_name testbench.RS0.ps_ld -current_item_type Scope  -selected  { testbench.RS0.ps_ld   }
gui_list_select -id Hier.1 -current_item_name testbench.RS0.ps_alu -current_item_type Scope  -selected  { testbench.RS0.ps_alu   }
gui_list_expand -id  Hier.1   testbench.RS0.ps_alu
gui_list_collapse -id  Hier.1   testbench.RS0.ps_alu
gui_list_select -id Hier.1 -current_item_name testbench.RS0.rscam -current_item_type Scope  { {testbench.RS0.ps_alu.ps_bottom[0]}  {testbench.RS0.ps_alu.ps_bottom[1]}  {testbench.RS0.ps_alu.ps_bottom[2]}  {testbench.RS0.ps_alu.ps_bottom[3]}  testbench.RS0.ps_alu.ps_top  testbench.RS0.ps_br  testbench.RS0.ps_dispatch  testbench.RS0.ps_ld  testbench.RS0.ps_mult  testbench.RS0.ps_st  testbench.RS0.rscam   }
gui_list_select -id Hier.1 -current_item_name testbench.RS0.ps_alu -current_item_type Scope  -selected  { testbench.RS0.ps_alu   }
gui_list_select -id Hier.1 -current_item_name testbench.RS0.rscam -current_item_type Scope  { {testbench.RS0.ps_alu.ps_bottom[0]}  {testbench.RS0.ps_alu.ps_bottom[1]}  {testbench.RS0.ps_alu.ps_bottom[2]}  {testbench.RS0.ps_alu.ps_bottom[3]}  testbench.RS0.ps_alu.ps_top  testbench.RS0.ps_br  testbench.RS0.ps_dispatch  testbench.RS0.ps_ld  testbench.RS0.ps_mult  testbench.RS0.ps_st  testbench.RS0.rscam   }
gui_list_add -id Wave.1 -from Hier.1 { testbench.RS0.ps_alu testbench.RS0.ps_br testbench.RS0.ps_dispatch testbench.RS0.ps_ld testbench.RS0.ps_mult testbench.RS0.ps_st testbench.RS0.rscam } -insertionbar
gui_marker_move -id  Wave.1 C1 14
gui_wv_zoom_timerange -id  Wave.1 0 805
gui_sim_continue  
gui_sim_restart
gui_set_pref_value -category {Source} -key {value_annotate} -value {false}
gui_set_pref_value -category {Source} -key {value_annotate} -value {true}
gui_sim_continue  
gui_zoom -window Wave.1 -factor 2
gui_zoom -window Wave.1 -full
gui_list_select -id Wave.1 -selected  { {testbench.RS0.rscam.rs_table[11:0]}   }
gui_list_select -id Wave.1 -selected  { Group1|rscam   }
gui_delete_selected -id  Wave.1
gui_list_select -id Wave.1 -selected  { Group1|ps_st   }
gui_list_select -id Wave.1 -selected  { Group1|ps_dispatch   }
gui_delete_selected -id  Wave.1
gui_list_select -id Wave.1 -selected  { Group1|ps_br   }
gui_list_select -id Wave.1 -selected  { testbench.RS0.ps_st.req_up   }
gui_list_select -id Wave.1 -selected  { {testbench.RS0.ps_st.gnt[15:0]}   }
gui_list_select -id Wave.1 -selected  { testbench.RS0.ps_st.req_up   }
gui_list_select -id Wave.1 -selected  { {testbench.RS0.ps_st.req_up_bottom[3:0]}  {testbench.RS0.ps_st.ps_top_result[3:0]}  testbench.RS0.ps_st.enable  testbench.RS0.ps_st.req_up   }
gui_delete_selected -id  Wave.1
gui_list_select -id Wave.1 -selected  { {testbench.RS0.ps_st.gnt[15:0]}   }
gui_list_select -id Wave.1 -selected  { {testbench.RS0.ps_st.index[15:0]}   }
gui_list_select -id Wave.1 -selected  { {testbench.RS0.ps_mult.req_up_bottom[3:0]}   }
gui_list_select -id Wave.1 -selected  { {testbench.RS0.ps_mult.req_up_bottom[3:0]}  {testbench.RS0.ps_mult.ps_top_result[3:0]}  testbench.RS0.ps_mult.enable  testbench.RS0.ps_mult.req_up   }
gui_delete_selected -id  Wave.1
gui_list_select -id Wave.1 -selected  { {testbench.RS0.ps_mult.gnt[15:0]}   }
gui_list_select -id Wave.1 -selected  { {testbench.RS0.ps_ld.req_up_bottom[3:0]}   }
gui_list_select -id Wave.1 -selected  { {testbench.RS0.ps_ld.req_up_bottom[3:0]}  {testbench.RS0.ps_ld.ps_top_result[3:0]}  testbench.RS0.ps_ld.enable  testbench.RS0.ps_ld.req_up   }
gui_delete_selected -id  Wave.1
gui_list_select -id Wave.1 -selected  { {testbench.RS0.ps_ld.gnt[15:0]}   }
gui_list_select -id Wave.1 -selected  { {testbench.RS0.ps_br.req_up_bottom[3:0]}   }
gui_list_select -id Wave.1 -selected  { {testbench.RS0.ps_br.req_up_bottom[3:0]}  {testbench.RS0.ps_br.ps_top_result[3:0]}  testbench.RS0.ps_br.enable  testbench.RS0.ps_br.req_up   }
gui_delete_selected -id  Wave.1
gui_list_select -id Wave.1 -selected  { {testbench.RS0.ps_br.gnt[15:0]}   }
gui_list_select -id Wave.1 -selected  { {testbench.RS0.ps_alu.req_up_bottom[3:0]}   }
gui_list_select -id Wave.1 -selected  { {testbench.RS0.ps_alu.req_up_bottom[3:0]}  {testbench.RS0.ps_alu.ps_top_result[3:0]}  testbench.RS0.ps_alu.enable  testbench.RS0.ps_alu.req_up   }
gui_delete_selected -id  Wave.1
gui_list_select -id Wave.1 -selected  { {testbench.RS0.ps_alu.gnt[15:0]}   }
gui_list_select -id Wave.1 -selected  { {testbench.RS0.ps_st.index[15:0]}   }
gui_list_select -id Wave.1 -selected  { {testbench.RS0.ps_st.gnt[15:0]}   }
gui_list_select -id Wave.1 -selected  { {testbench.RS0.ps_st.gnt[15:0]}  {testbench.RS0.ps_mult.gnt[15:0]}   }
gui_list_select -id Wave.1 -selected  { {testbench.RS0.ps_st.gnt[15:0]}  {testbench.RS0.ps_mult.gnt[15:0]}  {testbench.RS0.ps_ld.gnt[15:0]}   }
gui_list_select -id Wave.1 -selected  { {testbench.RS0.ps_st.gnt[15:0]}  {testbench.RS0.ps_mult.gnt[15:0]}  {testbench.RS0.ps_ld.gnt[15:0]}  {testbench.RS0.ps_br.gnt[15:0]}   }
gui_list_select -id Hier.1 -current_item_name testbench -current_item_type Scope  -selected  { testbench   }
gui_list_select -id Data.1 -selected  { testbench.inst_in   }
gui_list_add -id Wave.1 -from Data.1 { testbench.inst_in } -insertionbar
gui_list_select -id Hier.1 -current_item_name testbench.RS0 -current_item_type Scope  -selected  { testbench.RS0   }
gui_list_select -id Hier.1 -current_item_name testbench -current_item_type Scope  -selected  { testbench   }
gui_list_select -id Hier.1 -current_item_name testbench.RS0 -current_item_type Scope  -selected  { testbench.RS0   }
gui_list_select -id Data.1 -selected  { {testbench.RS0.rs_table[11:0]}   }
gui_list_select -id Data.1 -selected  { {testbench.RS0.rs_table_next[11:0]}   }
gui_list_add -id Wave.1 -from Data.1 { {testbench.RS0.rs_table_next[11:0]} } -insertionbar
gui_list_expand -id  Wave.1   testbench.inst_in
gui_sim_restart
gui_set_pref_value -category {Source} -key {value_annotate} -value {false}
gui_set_pref_value -category {Source} -key {value_annotate} -value {true}
gui_sim_continue  
gui_list_expand -id  Wave.1   testbench.inst_in.inst
gui_list_select -id Wave.1 -selected  { {testbench.RS0.ps_st.gnt[15:0]}  {testbench.RS0.ps_mult.gnt[15:0]}  {testbench.RS0.ps_ld.gnt[15:0]}  {testbench.RS0.ps_br.gnt[15:0]}  {testbench.inst_in.inst.fu_name[2:0]}   }
gui_zoom -window Wave.1 -full
gui_list_expand -id  Wave.1   {testbench.RS0.rs_table_next[11:0]}
gui_list_expand -id  Wave.1   {testbench.RS0.rs_table_next[11]}
gui_list_select -id Wave.1 -selected  { {testbench.RS0.ps_st.gnt[15:0]}  {testbench.RS0.ps_mult.gnt[15:0]}  {testbench.RS0.ps_ld.gnt[15:0]}  {testbench.RS0.ps_br.gnt[15:0]}  {testbench.inst_in.inst.fu_name[2:0]}  {testbench.RS0.rs_table_next[11].busy}   }
gui_list_expand -id  Wave.1   {testbench.RS0.rs_table_next[10]}
gui_list_select -id Wave.1 -selected  { {testbench.RS0.ps_st.gnt[15:0]}  {testbench.RS0.ps_mult.gnt[15:0]}  {testbench.RS0.ps_ld.gnt[15:0]}  {testbench.RS0.ps_br.gnt[15:0]}  {testbench.inst_in.inst.fu_name[2:0]}  {testbench.RS0.rs_table_next[11].busy}  {testbench.RS0.rs_table_next[10].busy}   }
gui_list_expand -id  Wave.1   {testbench.RS0.rs_table_next[9]}
gui_list_select -id Wave.1 -selected  { {testbench.RS0.ps_st.gnt[15:0]}  {testbench.RS0.ps_mult.gnt[15:0]}  {testbench.RS0.ps_ld.gnt[15:0]}  {testbench.RS0.ps_br.gnt[15:0]}  {testbench.inst_in.inst.fu_name[2:0]}  {testbench.RS0.rs_table_next[11].busy}  {testbench.RS0.rs_table_next[10].busy}  {testbench.RS0.rs_table_next[9].busy}   }
gui_list_expand -id  Wave.1   {testbench.RS0.rs_table_next[8]}
gui_list_select -id Wave.1 -selected  { {testbench.RS0.ps_st.gnt[15:0]}  {testbench.RS0.ps_mult.gnt[15:0]}  {testbench.RS0.ps_ld.gnt[15:0]}  {testbench.RS0.ps_br.gnt[15:0]}  {testbench.inst_in.inst.fu_name[2:0]}  {testbench.RS0.rs_table_next[11].busy}  {testbench.RS0.rs_table_next[10].busy}  {testbench.RS0.rs_table_next[9].busy}  {testbench.RS0.rs_table_next[8].busy}   }
gui_list_select -id Wave.1 -selected  { testbench.inst_in.busy   }
gui_list_select -id Wave.1 -selected  { {testbench.RS0.ps_st.gnt[15:0]}   }
gui_list_select -id Wave.1 -selected  { {testbench.RS0.ps_st.gnt[15:0]}  {testbench.RS0.ps_mult.gnt[15:0]}   }
gui_list_select -id Wave.1 -selected  { {testbench.RS0.ps_st.gnt[15:0]}  {testbench.RS0.ps_mult.gnt[15:0]}  {testbench.RS0.ps_ld.gnt[15:0]}   }
gui_list_select -id Wave.1 -selected  { {testbench.RS0.ps_st.gnt[15:0]}  {testbench.RS0.ps_mult.gnt[15:0]}  {testbench.RS0.ps_ld.gnt[15:0]}  {testbench.RS0.ps_br.gnt[15:0]}   }
gui_list_select -id Wave.1 -selected  { {testbench.RS0.ps_st.gnt[15:0]}  {testbench.RS0.ps_mult.gnt[15:0]}  {testbench.RS0.ps_ld.gnt[15:0]}  {testbench.RS0.ps_br.gnt[15:0]}  {testbench.RS0.ps_alu.gnt[15:0]}   }
gui_list_select -id Wave.1 -selected  { {testbench.RS0.ps_st.gnt[15:0]}  {testbench.RS0.ps_mult.gnt[15:0]}  {testbench.RS0.ps_ld.gnt[15:0]}  {testbench.RS0.ps_br.gnt[15:0]}  {testbench.RS0.ps_alu.gnt[15:0]}  {testbench.inst_in.inst.fu_name[2:0]}   }
gui_list_select -id Wave.1 -selected  { {testbench.RS0.ps_st.gnt[15:0]}  {testbench.RS0.ps_mult.gnt[15:0]}  {testbench.RS0.ps_ld.gnt[15:0]}  {testbench.RS0.ps_br.gnt[15:0]}  {testbench.RS0.ps_alu.gnt[15:0]}  {testbench.inst_in.inst.fu_name[2:0]}  {testbench.RS0.rs_table_next[11].busy}   }
gui_list_select -id Wave.1 -selected  { {testbench.RS0.ps_st.gnt[15:0]}  {testbench.RS0.ps_mult.gnt[15:0]}  {testbench.RS0.ps_ld.gnt[15:0]}  {testbench.RS0.ps_br.gnt[15:0]}  {testbench.RS0.ps_alu.gnt[15:0]}  {testbench.inst_in.inst.fu_name[2:0]}  {testbench.RS0.rs_table_next[11].busy}  {testbench.RS0.rs_table_next[10].busy}   }
gui_list_select -id Wave.1 -selected  { {testbench.RS0.ps_st.gnt[15:0]}  {testbench.RS0.ps_mult.gnt[15:0]}  {testbench.RS0.ps_ld.gnt[15:0]}  {testbench.RS0.ps_br.gnt[15:0]}  {testbench.RS0.ps_alu.gnt[15:0]}  {testbench.inst_in.inst.fu_name[2:0]}  {testbench.RS0.rs_table_next[11].busy}  {testbench.RS0.rs_table_next[10].busy}  {testbench.RS0.rs_table_next[9].busy}   }
gui_list_select -id Wave.1 -selected  { {testbench.RS0.ps_st.gnt[15:0]}  {testbench.RS0.ps_mult.gnt[15:0]}  {testbench.RS0.ps_ld.gnt[15:0]}  {testbench.RS0.ps_br.gnt[15:0]}  {testbench.RS0.ps_alu.gnt[15:0]}  {testbench.inst_in.inst.fu_name[2:0]}  {testbench.RS0.rs_table_next[11].busy}  {testbench.RS0.rs_table_next[10].busy}  {testbench.RS0.rs_table_next[9].busy}  {testbench.RS0.rs_table_next[8].busy}   }
gui_list_select -id Data.1 -selected  { {testbench.RS0.issue_next[4:0]}   }
gui_list_expand -id  Data.1   {testbench.RS0.issue_next[4:0]}
gui_list_collapse -id  Data.1   {testbench.RS0.issue_next[4:0]}
gui_list_select -id Hier.1 -current_item_name testbench -current_item_type Scope  -selected  { testbench   }
gui_list_select -id Data.1 -selected  { {testbench.issue_out[4:0]}   }
gui_list_expand -id  Data.1   {testbench.issue_out[4:0]}
gui_list_add -id Wave.1 -from Data.1 { {testbench.issue_out[4:0]} } -insertionbar
gui_list_select -id Wave.1 -selected  { {testbench.RS0.rs_table_next[11]}   }
gui_list_select -id Wave.1 -selected  { {testbench.RS0.rs_table_next[11:0]}   }
gui_list_select -id Wave.1 { {testbench.RS0.rs_table_next[11]}  {testbench.RS0.rs_table_next[11].inst}  {testbench.RS0.rs_table_next[11].T[7:0]}  {testbench.RS0.rs_table_next[11].T1[7:0]}  {testbench.RS0.rs_table_next[11].T2[7:0]}  {testbench.RS0.rs_table_next[11].busy}  {testbench.RS0.rs_table_next[10]}  {testbench.RS0.rs_table_next[10].inst}  {testbench.RS0.rs_table_next[10].T[7:0]}  {testbench.RS0.rs_table_next[10].T1[7:0]}  {testbench.RS0.rs_table_next[10].T2[7:0]}  {testbench.RS0.rs_table_next[10].busy}  {testbench.RS0.rs_table_next[9]}  {testbench.RS0.rs_table_next[9].inst}  {testbench.RS0.rs_table_next[9].T[7:0]}  {testbench.RS0.rs_table_next[9].T1[7:0]}  {testbench.RS0.rs_table_next[9].T2[7:0]}  {testbench.RS0.rs_table_next[9].busy}  {testbench.RS0.rs_table_next[8]}  {testbench.RS0.rs_table_next[8].inst}  {testbench.RS0.rs_table_next[8].T[7:0]}  {testbench.RS0.rs_table_next[8].T1[7:0]}  {testbench.RS0.rs_table_next[8].T2[7:0]}  {testbench.RS0.rs_table_next[8].busy}  {testbench.RS0.rs_table_next[7]}  {testbench.RS0.rs_table_next[6]}  {testbench.RS0.rs_table_next[5]}  {testbench.RS0.rs_table_next[4]}  {testbench.RS0.rs_table_next[3]}  {testbench.RS0.rs_table_next[2]}  {testbench.RS0.rs_table_next[1]}  {testbench.RS0.rs_table_next[0]}   }
gui_delete_selected -id  Wave.1
gui_marker_move -id  Wave.1 C1 3
gui_sim_restart
gui_set_pref_value -category {Source} -key {value_annotate} -value {false}
gui_set_pref_value -category {Source} -key {value_annotate} -value {true}
gui_sim_continue  
gui_list_select -id Wave.1 -selected  { {testbench.RS0.ps_st.gnt[15:0]}   }
gui_list_select -id Wave.1 -selected  { {testbench.RS0.ps_st.gnt[15:0]}  {testbench.RS0.ps_mult.gnt[15:0]}   }
gui_list_select -id Wave.1 -selected  { {testbench.RS0.ps_st.gnt[15:0]}  {testbench.RS0.ps_mult.gnt[15:0]}  {testbench.RS0.ps_ld.gnt[15:0]}   }
gui_list_select -id Wave.1 -selected  { {testbench.RS0.ps_st.gnt[15:0]}  {testbench.RS0.ps_mult.gnt[15:0]}  {testbench.RS0.ps_ld.gnt[15:0]}  {testbench.RS0.ps_br.gnt[15:0]}   }
gui_list_select -id Wave.1 -selected  { {testbench.RS0.ps_st.gnt[15:0]}  {testbench.RS0.ps_mult.gnt[15:0]}  {testbench.RS0.ps_ld.gnt[15:0]}  {testbench.RS0.ps_br.gnt[15:0]}  {testbench.RS0.ps_alu.gnt[15:0]}   }
gui_list_select -id Wave.1 -selected  { {testbench.RS0.ps_st.gnt[15:0]}  {testbench.RS0.ps_mult.gnt[15:0]}  {testbench.RS0.ps_ld.gnt[15:0]}  {testbench.RS0.ps_br.gnt[15:0]}  {testbench.RS0.ps_alu.gnt[15:0]}  {testbench.inst_in.inst.fu_name[2:0]}   }
gui_list_select -id Wave.1 -selected  { {testbench.RS0.ps_st.gnt[15:0]}  {testbench.RS0.ps_mult.gnt[15:0]}  {testbench.RS0.ps_ld.gnt[15:0]}  {testbench.RS0.ps_br.gnt[15:0]}  {testbench.RS0.ps_alu.gnt[15:0]}   }
gui_list_select -id Wave.1 -selected  { {testbench.RS0.ps_st.gnt[15:0]}  {testbench.RS0.ps_mult.gnt[15:0]}  {testbench.RS0.ps_ld.gnt[15:0]}  {testbench.RS0.ps_br.gnt[15:0]}  {testbench.RS0.ps_alu.gnt[15:0]}  {testbench.inst_in.inst.fu_name[2:0]}   }
gui_zoom -window Wave.1 -full
gui_list_expand -id  Wave.1   {testbench.issue_out[4:0]}
gui_list_expand -id  Wave.1   {testbench.issue_out[4]}
gui_list_select -id Wave.1 -selected  { {testbench.RS0.ps_st.gnt[15:0]}  {testbench.RS0.ps_mult.gnt[15:0]}  {testbench.RS0.ps_ld.gnt[15:0]}  {testbench.RS0.ps_br.gnt[15:0]}  {testbench.RS0.ps_alu.gnt[15:0]}  {testbench.inst_in.inst.fu_name[2:0]}  {testbench.issue_out[4].busy}   }
gui_list_expand -id  Wave.1   {testbench.issue_out[3]}
gui_list_select -id Wave.1 -selected  { {testbench.RS0.ps_st.gnt[15:0]}  {testbench.RS0.ps_mult.gnt[15:0]}  {testbench.RS0.ps_ld.gnt[15:0]}  {testbench.RS0.ps_br.gnt[15:0]}  {testbench.RS0.ps_alu.gnt[15:0]}  {testbench.inst_in.inst.fu_name[2:0]}  {testbench.issue_out[4].busy}  {testbench.issue_out[3].busy}   }
gui_list_expand -id  Wave.1   {testbench.issue_out[2]}
gui_list_select -id Wave.1 -selected  { {testbench.RS0.ps_st.gnt[15:0]}  {testbench.RS0.ps_mult.gnt[15:0]}  {testbench.RS0.ps_ld.gnt[15:0]}  {testbench.RS0.ps_br.gnt[15:0]}  {testbench.RS0.ps_alu.gnt[15:0]}  {testbench.inst_in.inst.fu_name[2:0]}  {testbench.issue_out[4].busy}  {testbench.issue_out[3].busy}  {testbench.issue_out[2].busy}   }
gui_list_expand -id  Wave.1   {testbench.issue_out[1]}
gui_list_select -id Wave.1 -selected  { {testbench.RS0.ps_st.gnt[15:0]}  {testbench.RS0.ps_mult.gnt[15:0]}  {testbench.RS0.ps_ld.gnt[15:0]}  {testbench.RS0.ps_br.gnt[15:0]}  {testbench.RS0.ps_alu.gnt[15:0]}  {testbench.inst_in.inst.fu_name[2:0]}  {testbench.issue_out[4].busy}  {testbench.issue_out[3].busy}  {testbench.issue_out[2].busy}  {testbench.issue_out[1].busy}   }
gui_list_expand -id  Wave.1   {testbench.issue_out[0]}
gui_list_select -id Wave.1 { {testbench.issue_out[0].busy}   }
gui_close_window -window TopLevel.1
